<?xml version="1.0" encoding="UTF-8"?>
<testsuite xmlns:xsi="http://www.w3.org/2001/XMLSchema-instance" xsi:noNamespaceSchemaLocation="https://maven.apache.org/surefire/maven-surefire-plugin/xsd/surefire-test-report-3.0.xsd" version="3.0" name="com.redeyesncode.estatespring.realestatebackend.RealestatebackendApplicationTests" time="8.131" tests="1" errors="0" skipped="0" failures="0">
  <properties>
    <property name="java.specification.version" value="21"/>
    <property name="sun.jnu.encoding" value="UTF-8"/>
    <property name="java.class.path" value="/media/hp/Android1/MyRepository/Property_ZulixBackend/target/test-classes:/media/hp/Android1/MyRepository/Property_ZulixBackend/target/classes:/home/hp/.m2/repository/org/springframework/boot/spring-boot-starter-data-jdbc/3.2.1/spring-boot-starter-data-jdbc-3.2.1.jar:/home/hp/.m2/repository/org/springframework/data/spring-data-jdbc/3.2.1/spring-data-jdbc-3.2.1.jar:/home/hp/.m2/repository/org/springframework/data/spring-data-relational/3.2.1/spring-data-relational-3.2.1.jar:/home/hp/.m2/repository/com/github/jsqlparser/jsqlparser/4.6/jsqlparser-4.6.jar:/home/hp/.m2/repository/org/springframework/data/spring-data-commons/3.2.1/spring-data-commons-3.2.1.jar:/home/hp/.m2/repository/org/springframework/spring-tx/6.1.2/spring-tx-6.1.2.jar:/home/hp/.m2/repository/org/springframework/boot/spring-boot-starter-data-jpa/3.2.1/spring-boot-starter-data-jpa-3.2.1.jar:/home/hp/.m2/repository/org/springframework/boot/spring-boot-starter-aop/3.2.1/spring-boot-starter-aop-3.2.1.jar:/home/hp/.m2/repository/org/aspectj/aspectjweaver/1.9.21/aspectjweaver-1.9.21.jar:/home/hp/.m2/repository/org/hibernate/orm/hibernate-core/6.4.1.Final/hibernate-core-6.4.1.Final.jar:/home/hp/.m2/repository/jakarta/persistence/jakarta.persistence-api/3.1.0/jakarta.persistence-api-3.1.0.jar:/home/hp/.m2/repository/jakarta/transaction/jakarta.transaction-api/2.0.1/jakarta.transaction-api-2.0.1.jar:/home/hp/.m2/repository/org/jboss/logging/jboss-logging/3.5.3.Final/jboss-logging-3.5.3.Final.jar:/home/hp/.m2/repository/org/hibernate/common/hibernate-commons-annotations/6.0.6.Final/hibernate-commons-annotations-6.0.6.Final.jar:/home/hp/.m2/repository/io/smallrye/jandex/3.1.2/jandex-3.1.2.jar:/home/hp/.m2/repository/com/fasterxml/classmate/1.6.0/classmate-1.6.0.jar:/home/hp/.m2/repository/net/bytebuddy/byte-buddy/1.14.10/byte-buddy-1.14.10.jar:/home/hp/.m2/repository/org/glassfish/jaxb/jaxb-runtime/4.0.4/jaxb-runtime-4.0.4.jar:/home/hp/.m2/repository/org/glassfish/jaxb/jaxb-core/4.0.4/jaxb-core-4.0.4.jar:/home/hp/.m2/repository/org/eclipse/angus/angus-activation/2.0.1/angus-activation-2.0.1.jar:/home/hp/.m2/repository/org/glassfish/jaxb/txw2/4.0.4/txw2-4.0.4.jar:/home/hp/.m2/repository/com/sun/istack/istack-commons-runtime/4.1.2/istack-commons-runtime-4.1.2.jar:/home/hp/.m2/repository/jakarta/inject/jakarta.inject-api/2.0.1/jakarta.inject-api-2.0.1.jar:/home/hp/.m2/repository/org/antlr/antlr4-runtime/4.13.0/antlr4-runtime-4.13.0.jar:/home/hp/.m2/repository/org/springframework/data/spring-data-jpa/3.2.1/spring-data-jpa-3.2.1.jar:/home/hp/.m2/repository/org/springframework/spring-orm/6.1.2/spring-orm-6.1.2.jar:/home/hp/.m2/repository/jakarta/annotation/jakarta.annotation-api/2.1.1/jakarta.annotation-api-2.1.1.jar:/home/hp/.m2/repository/org/springframework/spring-aspects/6.1.2/spring-aspects-6.1.2.jar:/home/hp/.m2/repository/org/springframework/boot/spring-boot-starter-jdbc/3.2.1/spring-boot-starter-jdbc-3.2.1.jar:/home/hp/.m2/repository/org/springframework/boot/spring-boot-starter/3.2.1/spring-boot-starter-3.2.1.jar:/home/hp/.m2/repository/org/springframework/boot/spring-boot-starter-logging/3.2.1/spring-boot-starter-logging-3.2.1.jar:/home/hp/.m2/repository/ch/qos/logback/logback-classic/1.4.14/logback-classic-1.4.14.jar:/home/hp/.m2/repository/ch/qos/logback/logback-core/1.4.14/logback-core-1.4.14.jar:/home/hp/.m2/repository/org/apache/logging/log4j/log4j-to-slf4j/2.21.1/log4j-to-slf4j-2.21.1.jar:/home/hp/.m2/repository/org/apache/logging/log4j/log4j-api/2.21.1/log4j-api-2.21.1.jar:/home/hp/.m2/repository/org/slf4j/jul-to-slf4j/2.0.9/jul-to-slf4j-2.0.9.jar:/home/hp/.m2/repository/org/yaml/snakeyaml/2.2/snakeyaml-2.2.jar:/home/hp/.m2/repository/com/zaxxer/HikariCP/5.0.1/HikariCP-5.0.1.jar:/home/hp/.m2/repository/org/springframework/spring-jdbc/6.1.2/spring-jdbc-6.1.2.jar:/home/hp/.m2/repository/org/springframework/boot/spring-boot-starter-web/3.2.1/spring-boot-starter-web-3.2.1.jar:/home/hp/.m2/repository/org/springframework/boot/spring-boot-starter-json/3.2.1/spring-boot-starter-json-3.2.1.jar:/home/hp/.m2/repository/com/fasterxml/jackson/datatype/jackson-datatype-jdk8/2.15.3/jackson-datatype-jdk8-2.15.3.jar:/home/hp/.m2/repository/com/fasterxml/jackson/datatype/jackson-datatype-jsr310/2.15.3/jackson-datatype-jsr310-2.15.3.jar:/home/hp/.m2/repository/com/fasterxml/jackson/module/jackson-module-parameter-names/2.15.3/jackson-module-parameter-names-2.15.3.jar:/home/hp/.m2/repository/org/springframework/boot/spring-boot-starter-tomcat/3.2.1/spring-boot-starter-tomcat-3.2.1.jar:/home/hp/.m2/repository/org/apache/tomcat/embed/tomcat-embed-core/10.1.17/tomcat-embed-core-10.1.17.jar:/home/hp/.m2/repository/org/apache/tomcat/embed/tomcat-embed-el/10.1.17/tomcat-embed-el-10.1.17.jar:/home/hp/.m2/repository/org/apache/tomcat/embed/tomcat-embed-websocket/10.1.17/tomcat-embed-websocket-10.1.17.jar:/home/hp/.m2/repository/org/springframework/spring-web/6.1.2/spring-web-6.1.2.jar:/home/hp/.m2/repository/org/springframework/spring-webmvc/6.1.2/spring-webmvc-6.1.2.jar:/home/hp/.m2/repository/org/springframework/security/spring-security-core/6.2.1/spring-security-core-6.2.1.jar:/home/hp/.m2/repository/org/springframework/security/spring-security-crypto/6.2.1/spring-security-crypto-6.2.1.jar:/home/hp/.m2/repository/org/springframework/spring-aop/6.1.2/spring-aop-6.1.2.jar:/home/hp/.m2/repository/org/springframework/spring-beans/6.1.2/spring-beans-6.1.2.jar:/home/hp/.m2/repository/org/springframework/spring-context/6.1.2/spring-context-6.1.2.jar:/home/hp/.m2/repository/org/springframework/spring-core/6.1.2/spring-core-6.1.2.jar:/home/hp/.m2/repository/org/springframework/spring-jcl/6.1.2/spring-jcl-6.1.2.jar:/home/hp/.m2/repository/org/springframework/spring-expression/6.1.2/spring-expression-6.1.2.jar:/home/hp/.m2/repository/io/micrometer/micrometer-observation/1.12.1/micrometer-observation-1.12.1.jar:/home/hp/.m2/repository/io/micrometer/micrometer-commons/1.12.1/micrometer-commons-1.12.1.jar:/home/hp/.m2/repository/io/jsonwebtoken/jjwt/0.12.3/jjwt-0.12.3.jar:/home/hp/.m2/repository/io/jsonwebtoken/jjwt-api/0.12.3/jjwt-api-0.12.3.jar:/home/hp/.m2/repository/io/jsonwebtoken/jjwt-impl/0.12.3/jjwt-impl-0.12.3.jar:/home/hp/.m2/repository/io/jsonwebtoken/jjwt-jackson/0.12.3/jjwt-jackson-0.12.3.jar:/home/hp/.m2/repository/org/springframework/boot/spring-boot-devtools/3.2.1/spring-boot-devtools-3.2.1.jar:/home/hp/.m2/repository/org/springframework/boot/spring-boot/3.2.1/spring-boot-3.2.1.jar:/home/hp/.m2/repository/org/springframework/boot/spring-boot-autoconfigure/3.2.1/spring-boot-autoconfigure-3.2.1.jar:/home/hp/.m2/repository/com/microsoft/sqlserver/mssql-jdbc/12.4.2.jre11/mssql-jdbc-12.4.2.jre11.jar:/home/hp/.m2/repository/org/postgresql/postgresql/42.6.0/postgresql-42.6.0.jar:/home/hp/.m2/repository/org/checkerframework/checker-qual/3.31.0/checker-qual-3.31.0.jar:/home/hp/.m2/repository/org/projectlombok/lombok/1.18.30/lombok-1.18.30.jar:/home/hp/.m2/repository/com/amazonaws/aws-java-sdk/1.12.625/aws-java-sdk-1.12.625.jar:/home/hp/.m2/repository/com/amazonaws/aws-java-sdk-networkmonitor/1.12.625/aws-java-sdk-networkmonitor-1.12.625.jar:/home/hp/.m2/repository/com/amazonaws/jmespath-java/1.12.625/jmespath-java-1.12.625.jar:/home/hp/.m2/repository/com/amazonaws/aws-java-sdk-marketplaceagreement/1.12.625/aws-java-sdk-marketplaceagreement-1.12.625.jar:/home/hp/.m2/repository/com/amazonaws/aws-java-sdk-marketplacedeployment/1.12.625/aws-java-sdk-marketplacedeployment-1.12.625.jar:/home/hp/.m2/repository/com/amazonaws/aws-java-sdk-cleanroomsml/1.12.625/aws-java-sdk-cleanroomsml-1.12.625.jar:/home/hp/.m2/repository/com/amazonaws/aws-java-sdk-bedrockagent/1.12.625/aws-java-sdk-bedrockagent-1.12.625.jar:/home/hp/.m2/repository/com/amazonaws/aws-java-sdk-qconnect/1.12.625/aws-java-sdk-qconnect-1.12.625.jar:/home/hp/.m2/repository/com/amazonaws/aws-java-sdk-qbusiness/1.12.625/aws-java-sdk-qbusiness-1.12.625.jar:/home/hp/.m2/repository/com/amazonaws/aws-java-sdk-bedrockagentruntime/1.12.625/aws-java-sdk-bedrockagentruntime-1.12.625.jar:/home/hp/.m2/repository/com/amazonaws/aws-java-sdk-b2bi/1.12.625/aws-java-sdk-b2bi-1.12.625.jar:/home/hp/.m2/repository/com/amazonaws/aws-java-sdk-workspacesthinclient/1.12.625/aws-java-sdk-workspacesthinclient-1.12.625.jar:/home/hp/.m2/repository/com/amazonaws/aws-java-sdk-eksauth/1.12.625/aws-java-sdk-eksauth-1.12.625.jar:/home/hp/.m2/repository/com/amazonaws/aws-java-sdk-freetier/1.12.625/aws-java-sdk-freetier-1.12.625.jar:/home/hp/.m2/repository/com/amazonaws/aws-java-sdk-bcmdataexports/1.12.625/aws-java-sdk-bcmdataexports-1.12.625.jar:/home/hp/.m2/repository/com/amazonaws/aws-java-sdk-repostspace/1.12.625/aws-java-sdk-repostspace-1.12.625.jar:/home/hp/.m2/repository/com/amazonaws/aws-java-sdk-costoptimizationhub/1.12.625/aws-java-sdk-costoptimizationhub-1.12.625.jar:/home/hp/.m2/repository/com/amazonaws/aws-java-sdk-inspectorscan/1.12.625/aws-java-sdk-inspectorscan-1.12.625.jar:/home/hp/.m2/repository/com/amazonaws/aws-java-sdk-cloudfrontkeyvaluestore/1.12.625/aws-java-sdk-cloudfrontkeyvaluestore-1.12.625.jar:/home/hp/.m2/repository/com/amazonaws/aws-java-sdk-trustedadvisor/1.12.625/aws-java-sdk-trustedadvisor-1.12.625.jar:/home/hp/.m2/repository/com/amazonaws/aws-java-sdk-launchwizard/1.12.625/aws-java-sdk-launchwizard-1.12.625.jar:/home/hp/.m2/repository/com/amazonaws/aws-java-sdk-datazoneexternal/1.12.625/aws-java-sdk-datazoneexternal-1.12.625.jar:/home/hp/.m2/repository/com/amazonaws/aws-java-sdk-bedrock/1.12.625/aws-java-sdk-bedrock-1.12.625.jar:/home/hp/.m2/repository/com/amazonaws/aws-java-sdk-bedrockruntime/1.12.625/aws-java-sdk-bedrockruntime-1.12.625.jar:/home/hp/.m2/repository/com/amazonaws/aws-java-sdk-neptunedata/1.12.625/aws-java-sdk-neptunedata-1.12.625.jar:/home/hp/.m2/repository/com/amazonaws/aws-java-sdk-pcaconnectorad/1.12.625/aws-java-sdk-pcaconnectorad-1.12.625.jar:/home/hp/.m2/repository/com/amazonaws/aws-java-sdk-managedblockchainquery/1.12.625/aws-java-sdk-managedblockchainquery-1.12.625.jar:/home/hp/.m2/repository/com/amazonaws/aws-java-sdk-entityresolution/1.12.625/aws-java-sdk-entityresolution-1.12.625.jar:/home/hp/.m2/repository/com/amazonaws/aws-java-sdk-medicalimaging/1.12.625/aws-java-sdk-medicalimaging-1.12.625.jar:/home/hp/.m2/repository/com/amazonaws/aws-java-sdk-appfabric/1.12.625/aws-java-sdk-appfabric-1.12.625.jar:/home/hp/.m2/repository/com/amazonaws/aws-java-sdk-verifiedpermissions/1.12.625/aws-java-sdk-verifiedpermissions-1.12.625.jar:/home/hp/.m2/repository/com/amazonaws/aws-java-sdk-codegurusecurity/1.12.625/aws-java-sdk-codegurusecurity-1.12.625.jar:/home/hp/.m2/repository/com/amazonaws/aws-java-sdk-paymentcryptography/1.12.625/aws-java-sdk-paymentcryptography-1.12.625.jar:/home/hp/.m2/repository/com/amazonaws/aws-java-sdk-paymentcryptographydata/1.12.625/aws-java-sdk-paymentcryptographydata-1.12.625.jar:/home/hp/.m2/repository/com/amazonaws/aws-java-sdk-mediapackagev2/1.12.625/aws-java-sdk-mediapackagev2-1.12.625.jar:/home/hp/.m2/repository/com/amazonaws/aws-java-sdk-osis/1.12.625/aws-java-sdk-osis-1.12.625.jar:/home/hp/.m2/repository/com/amazonaws/aws-java-sdk-vpclattice/1.12.625/aws-java-sdk-vpclattice-1.12.625.jar:/home/hp/.m2/repository/com/amazonaws/aws-java-sdk-ivsrealtime/1.12.625/aws-java-sdk-ivsrealtime-1.12.625.jar:/home/hp/.m2/repository/com/amazonaws/aws-java-sdk-internetmonitor/1.12.625/aws-java-sdk-internetmonitor-1.12.625.jar:/home/hp/.m2/repository/com/amazonaws/aws-java-sdk-tnb/1.12.625/aws-java-sdk-tnb-1.12.625.jar:/home/hp/.m2/repository/com/amazonaws/aws-java-sdk-cloudtraildata/1.12.625/aws-java-sdk-cloudtraildata-1.12.625.jar:/home/hp/.m2/repository/com/amazonaws/aws-java-sdk-cleanrooms/1.12.625/aws-java-sdk-cleanrooms-1.12.625.jar:/home/hp/.m2/repository/com/amazonaws/aws-java-sdk-kendraranking/1.12.625/aws-java-sdk-kendraranking-1.12.625.jar:/home/hp/.m2/repository/com/amazonaws/aws-java-sdk-licensemanagerlinuxsubscriptions/1.12.625/aws-java-sdk-licensemanagerlinuxsubscriptions-1.12.625.jar:/home/hp/.m2/repository/com/amazonaws/aws-java-sdk-kinesisvideowebrtcstorage/1.12.625/aws-java-sdk-kinesisvideowebrtcstorage-1.12.625.jar:/home/hp/.m2/repository/com/amazonaws/aws-java-sdk-sagemakermetrics/1.12.625/aws-java-sdk-sagemakermetrics-1.12.625.jar:/home/hp/.m2/repository/com/amazonaws/aws-java-sdk-pipes/1.12.625/aws-java-sdk-pipes-1.12.625.jar:/home/hp/.m2/repository/com/amazonaws/aws-java-sdk-sagemakergeospatial/1.12.625/aws-java-sdk-sagemakergeospatial-1.12.625.jar:/home/hp/.m2/repository/com/amazonaws/aws-java-sdk-docdbelastic/1.12.625/aws-java-sdk-docdbelastic-1.12.625.jar:/home/hp/.m2/repository/com/amazonaws/aws-java-sdk-omics/1.12.625/aws-java-sdk-omics-1.12.625.jar:/home/hp/.m2/repository/com/amazonaws/aws-java-sdk-opensearchserverless/1.12.625/aws-java-sdk-opensearchserverless-1.12.625.jar:/home/hp/.m2/repository/com/amazonaws/aws-java-sdk-securitylake/1.12.625/aws-java-sdk-securitylake-1.12.625.jar:/home/hp/.m2/repository/com/amazonaws/aws-java-sdk-simspaceweaver/1.12.625/aws-java-sdk-simspaceweaver-1.12.625.jar:/home/hp/.m2/repository/com/amazonaws/aws-java-sdk-arczonalshift/1.12.625/aws-java-sdk-arczonalshift-1.12.625.jar:/home/hp/.m2/repository/com/amazonaws/aws-java-sdk-oam/1.12.625/aws-java-sdk-oam-1.12.625.jar:/home/hp/.m2/repository/com/amazonaws/aws-java-sdk-iotroborunner/1.12.625/aws-java-sdk-iotroborunner-1.12.625.jar:/home/hp/.m2/repository/com/amazonaws/aws-java-sdk-chimesdkvoice/1.12.625/aws-java-sdk-chimesdkvoice-1.12.625.jar:/home/hp/.m2/repository/com/amazonaws/aws-java-sdk-ssmsap/1.12.625/aws-java-sdk-ssmsap-1.12.625.jar:/home/hp/.m2/repository/com/amazonaws/aws-java-sdk-scheduler/1.12.625/aws-java-sdk-scheduler-1.12.625.jar:/home/hp/.m2/repository/com/amazonaws/aws-java-sdk-resourceexplorer2/1.12.625/aws-java-sdk-resourceexplorer2-1.12.625.jar:/home/hp/.m2/repository/com/amazonaws/aws-java-sdk-connectcases/1.12.625/aws-java-sdk-connectcases-1.12.625.jar:/home/hp/.m2/repository/com/amazonaws/aws-java-sdk-migrationhuborchestrator/1.12.625/aws-java-sdk-migrationhuborchestrator-1.12.625.jar:/home/hp/.m2/repository/com/amazonaws/aws-java-sdk-iotfleetwise/1.12.625/aws-java-sdk-iotfleetwise-1.12.625.jar:/home/hp/.m2/repository/com/amazonaws/aws-java-sdk-controltower/1.12.625/aws-java-sdk-controltower-1.12.625.jar:/home/hp/.m2/repository/com/amazonaws/aws-java-sdk-supportapp/1.12.625/aws-java-sdk-supportapp-1.12.625.jar:/home/hp/.m2/repository/com/amazonaws/aws-java-sdk-private5g/1.12.625/aws-java-sdk-private5g-1.12.625.jar:/home/hp/.m2/repository/com/amazonaws/aws-java-sdk-backupstorage/1.12.625/aws-java-sdk-backupstorage-1.12.625.jar:/home/hp/.m2/repository/com/amazonaws/aws-java-sdk-licensemanagerusersubscriptions/1.12.625/aws-java-sdk-licensemanagerusersubscriptions-1.12.625.jar:/home/hp/.m2/repository/com/amazonaws/aws-java-sdk-iamrolesanywhere/1.12.625/aws-java-sdk-iamrolesanywhere-1.12.625.jar:/home/hp/.m2/repository/com/amazonaws/aws-java-sdk-redshiftserverless/1.12.625/aws-java-sdk-redshiftserverless-1.12.625.jar:/home/hp/.m2/repository/com/amazonaws/aws-java-sdk-connectcampaign/1.12.625/aws-java-sdk-connectcampaign-1.12.625.jar:/home/hp/.m2/repository/com/amazonaws/aws-java-sdk-mainframemodernization/1.12.625/aws-java-sdk-mainframemodernization-1.12.625.jar:/home/hp/.m2/repository/com/amazonaws/aws-java-sdk-emrserverless/1.12.625/aws-java-sdk-emrserverless-1.12.625.jar:/home/hp/.m2/repository/com/amazonaws/aws-java-sdk-chimesdkmediapipelines/1.12.625/aws-java-sdk-chimesdkmediapipelines-1.12.625.jar:/home/hp/.m2/repository/com/amazonaws/aws-java-sdk-ivschat/1.12.625/aws-java-sdk-ivschat-1.12.625.jar:/home/hp/.m2/repository/com/amazonaws/aws-java-sdk-pinpointsmsvoicev2/1.12.625/aws-java-sdk-pinpointsmsvoicev2-1.12.625.jar:/home/hp/.m2/repository/com/amazonaws/aws-java-sdk-billingconductor/1.12.625/aws-java-sdk-billingconductor-1.12.625.jar:/home/hp/.m2/repository/com/amazonaws/aws-java-sdk-keyspaces/1.12.625/aws-java-sdk-keyspaces-1.12.625.jar:/home/hp/.m2/repository/com/amazonaws/aws-java-sdk-amplifyuibuilder/1.12.625/aws-java-sdk-amplifyuibuilder-1.12.625.jar:/home/hp/.m2/repository/com/amazonaws/aws-java-sdk-backupgateway/1.12.625/aws-java-sdk-backupgateway-1.12.625.jar:/home/hp/.m2/repository/com/amazonaws/aws-java-sdk-workspacesweb/1.12.625/aws-java-sdk-workspacesweb-1.12.625.jar:/home/hp/.m2/repository/com/amazonaws/aws-java-sdk-iottwinmaker/1.12.625/aws-java-sdk-iottwinmaker-1.12.625.jar:/home/hp/.m2/repository/com/amazonaws/aws-java-sdk-recyclebin/1.12.625/aws-java-sdk-recyclebin-1.12.625.jar:/home/hp/.m2/repository/com/amazonaws/aws-java-sdk-cloudwatchrum/1.12.625/aws-java-sdk-cloudwatchrum-1.12.625.jar:/home/hp/.m2/repository/com/amazonaws/aws-java-sdk-cloudwatchevidently/1.12.625/aws-java-sdk-cloudwatchevidently-1.12.625.jar:/home/hp/.m2/repository/com/amazonaws/aws-java-sdk-inspector2/1.12.625/aws-java-sdk-inspector2-1.12.625.jar:/home/hp/.m2/repository/com/amazonaws/aws-java-sdk-migrationhubrefactorspaces/1.12.625/aws-java-sdk-migrationhubrefactorspaces-1.12.625.jar:/home/hp/.m2/repository/com/amazonaws/aws-java-sdk-appconfigdata/1.12.625/aws-java-sdk-appconfigdata-1.12.625.jar:/home/hp/.m2/repository/com/amazonaws/aws-java-sdk-drs/1.12.625/aws-java-sdk-drs-1.12.625.jar:/home/hp/.m2/repository/com/amazonaws/aws-java-sdk-migrationhubstrategyrecommendations/1.12.625/aws-java-sdk-migrationhubstrategyrecommendations-1.12.625.jar:/home/hp/.m2/repository/com/amazonaws/aws-java-sdk-resiliencehub/1.12.625/aws-java-sdk-resiliencehub-1.12.625.jar:/home/hp/.m2/repository/com/amazonaws/aws-java-sdk-chimesdkmeetings/1.12.625/aws-java-sdk-chimesdkmeetings-1.12.625.jar:/home/hp/.m2/repository/com/amazonaws/aws-java-sdk-panorama/1.12.625/aws-java-sdk-panorama-1.12.625.jar:/home/hp/.m2/repository/com/amazonaws/aws-java-sdk-managedgrafana/1.12.625/aws-java-sdk-managedgrafana-1.12.625.jar:/home/hp/.m2/repository/com/amazonaws/aws-java-sdk-cloudcontrolapi/1.12.625/aws-java-sdk-cloudcontrolapi-1.12.625.jar:/home/hp/.m2/repository/com/amazonaws/aws-java-sdk-account/1.12.625/aws-java-sdk-account-1.12.625.jar:/home/hp/.m2/repository/com/amazonaws/aws-java-sdk-voiceid/1.12.625/aws-java-sdk-voiceid-1.12.625.jar:/home/hp/.m2/repository/com/amazonaws/aws-java-sdk-connectwisdom/1.12.625/aws-java-sdk-connectwisdom-1.12.625.jar:/home/hp/.m2/repository/com/amazonaws/aws-java-sdk-kafkaconnect/1.12.625/aws-java-sdk-kafkaconnect-1.12.625.jar:/home/hp/.m2/repository/com/amazonaws/aws-java-sdk-opensearch/1.12.625/aws-java-sdk-opensearch-1.12.625.jar:/home/hp/.m2/repository/com/amazonaws/aws-java-sdk-memorydb/1.12.625/aws-java-sdk-memorydb-1.12.625.jar:/home/hp/.m2/repository/com/amazonaws/aws-java-sdk-snowdevicemanagement/1.12.625/aws-java-sdk-snowdevicemanagement-1.12.625.jar:/home/hp/.m2/repository/com/amazonaws/aws-java-sdk-chimesdkidentity/1.12.625/aws-java-sdk-chimesdkidentity-1.12.625.jar:/home/hp/.m2/repository/com/amazonaws/aws-java-sdk-chimesdkmessaging/1.12.625/aws-java-sdk-chimesdkmessaging-1.12.625.jar:/home/hp/.m2/repository/com/amazonaws/aws-java-sdk-route53recoverycluster/1.12.625/aws-java-sdk-route53recoverycluster-1.12.625.jar:/home/hp/.m2/repository/com/amazonaws/aws-java-sdk-route53recoverycontrolconfig/1.12.625/aws-java-sdk-route53recoverycontrolconfig-1.12.625.jar:/home/hp/.m2/repository/com/amazonaws/aws-java-sdk-route53recoveryreadiness/1.12.625/aws-java-sdk-route53recoveryreadiness-1.12.625.jar:/home/hp/.m2/repository/com/amazonaws/aws-java-sdk-proton/1.12.625/aws-java-sdk-proton-1.12.625.jar:/home/hp/.m2/repository/com/amazonaws/aws-java-sdk-apprunner/1.12.625/aws-java-sdk-apprunner-1.12.625.jar:/home/hp/.m2/repository/com/amazonaws/aws-java-sdk-applicationcostprofiler/1.12.625/aws-java-sdk-applicationcostprofiler-1.12.625.jar:/home/hp/.m2/repository/com/amazonaws/aws-java-sdk-ssmcontacts/1.12.625/aws-java-sdk-ssmcontacts-1.12.625.jar:/home/hp/.m2/repository/com/amazonaws/aws-java-sdk-ssmincidents/1.12.625/aws-java-sdk-ssmincidents-1.12.625.jar:/home/hp/.m2/repository/com/amazonaws/aws-java-sdk-finspacedata/1.12.625/aws-java-sdk-finspacedata-1.12.625.jar:/home/hp/.m2/repository/com/amazonaws/aws-java-sdk-finspace/1.12.625/aws-java-sdk-finspace-1.12.625.jar:/home/hp/.m2/repository/com/amazonaws/aws-java-sdk-nimblestudio/1.12.625/aws-java-sdk-nimblestudio-1.12.625.jar:/home/hp/.m2/repository/com/amazonaws/aws-java-sdk-lookoutequipment/1.12.625/aws-java-sdk-lookoutequipment-1.12.625.jar:/home/hp/.m2/repository/com/amazonaws/aws-java-sdk-mgn/1.12.625/aws-java-sdk-mgn-1.12.625.jar:/home/hp/.m2/repository/com/amazonaws/aws-java-sdk-lookoutmetrics/1.12.625/aws-java-sdk-lookoutmetrics-1.12.625.jar:/home/hp/.m2/repository/com/amazonaws/aws-java-sdk-fis/1.12.625/aws-java-sdk-fis-1.12.625.jar:/home/hp/.m2/repository/com/amazonaws/aws-java-sdk-lexmodelsv2/1.12.625/aws-java-sdk-lexmodelsv2-1.12.625.jar:/home/hp/.m2/repository/com/amazonaws/aws-java-sdk-lexruntimev2/1.12.625/aws-java-sdk-lexruntimev2-1.12.625.jar:/home/hp/.m2/repository/com/amazonaws/aws-java-sdk-wellarchitected/1.12.625/aws-java-sdk-wellarchitected-1.12.625.jar:/home/hp/.m2/repository/com/amazonaws/aws-java-sdk-location/1.12.625/aws-java-sdk-location-1.12.625.jar:/home/hp/.m2/repository/com/amazonaws/aws-java-sdk-iotdeviceadvisor/1.12.625/aws-java-sdk-iotdeviceadvisor-1.12.625.jar:/home/hp/.m2/repository/com/amazonaws/aws-java-sdk-iotfleethub/1.12.625/aws-java-sdk-iotfleethub-1.12.625.jar:/home/hp/.m2/repository/com/amazonaws/aws-java-sdk-iotwireless/1.12.625/aws-java-sdk-iotwireless-1.12.625.jar:/home/hp/.m2/repository/com/amazonaws/aws-java-sdk-greengrassv2/1.12.625/aws-java-sdk-greengrassv2-1.12.625.jar:/home/hp/.m2/repository/com/amazonaws/aws-java-sdk-prometheus/1.12.625/aws-java-sdk-prometheus-1.12.625.jar:/home/hp/.m2/repository/com/amazonaws/aws-java-sdk-auditmanager/1.12.625/aws-java-sdk-auditmanager-1.12.625.jar:/home/hp/.m2/repository/com/amazonaws/aws-java-sdk-healthlake/1.12.625/aws-java-sdk-healthlake-1.12.625.jar:/home/hp/.m2/repository/com/amazonaws/aws-java-sdk-sagemakeredgemanager/1.12.625/aws-java-sdk-sagemakeredgemanager-1.12.625.jar:/home/hp/.m2/repository/com/amazonaws/aws-java-sdk-emrcontainers/1.12.625/aws-java-sdk-emrcontainers-1.12.625.jar:/home/hp/.m2/repository/com/amazonaws/aws-java-sdk-customerprofiles/1.12.625/aws-java-sdk-customerprofiles-1.12.625.jar:/home/hp/.m2/repository/com/amazonaws/aws-java-sdk-lookoutforvision/1.12.625/aws-java-sdk-lookoutforvision-1.12.625.jar:/home/hp/.m2/repository/com/amazonaws/aws-java-sdk-connectcontactlens/1.12.625/aws-java-sdk-connectcontactlens-1.12.625.jar:/home/hp/.m2/repository/com/amazonaws/aws-java-sdk-amplifybackend/1.12.625/aws-java-sdk-amplifybackend-1.12.625.jar:/home/hp/.m2/repository/com/amazonaws/aws-java-sdk-ecrpublic/1.12.625/aws-java-sdk-ecrpublic-1.12.625.jar:/home/hp/.m2/repository/com/amazonaws/aws-java-sdk-appintegrations/1.12.625/aws-java-sdk-appintegrations-1.12.625.jar:/home/hp/.m2/repository/com/amazonaws/aws-java-sdk-sagemakerfeaturestoreruntime/1.12.625/aws-java-sdk-sagemakerfeaturestoreruntime-1.12.625.jar:/home/hp/.m2/repository/com/amazonaws/aws-java-sdk-devopsguru/1.12.625/aws-java-sdk-devopsguru-1.12.625.jar:/home/hp/.m2/repository/com/amazonaws/aws-java-sdk-mwaa/1.12.625/aws-java-sdk-mwaa-1.12.625.jar:/home/hp/.m2/repository/com/amazonaws/aws-java-sdk-networkfirewall/1.12.625/aws-java-sdk-networkfirewall-1.12.625.jar:/home/hp/.m2/repository/com/amazonaws/aws-java-sdk-appregistry/1.12.625/aws-java-sdk-appregistry-1.12.625.jar:/home/hp/.m2/repository/com/amazonaws/aws-java-sdk-gluedatabrew/1.12.625/aws-java-sdk-gluedatabrew-1.12.625.jar:/home/hp/.m2/repository/com/amazonaws/aws-java-sdk-s3outposts/1.12.625/aws-java-sdk-s3outposts-1.12.625.jar:/home/hp/.m2/repository/com/amazonaws/aws-java-sdk-timestreamquery/1.12.625/aws-java-sdk-timestreamquery-1.12.625.jar:/home/hp/.m2/repository/com/amazonaws/aws-java-sdk-timestreamwrite/1.12.625/aws-java-sdk-timestreamwrite-1.12.625.jar:/home/hp/.m2/repository/com/amazonaws/aws-java-sdk-ssoadmin/1.12.625/aws-java-sdk-ssoadmin-1.12.625.jar:/home/hp/.m2/repository/com/amazonaws/aws-java-sdk-redshiftdataapi/1.12.625/aws-java-sdk-redshiftdataapi-1.12.625.jar:/home/hp/.m2/repository/com/amazonaws/aws-java-sdk-appflow/1.12.625/aws-java-sdk-appflow-1.12.625.jar:/home/hp/.m2/repository/com/amazonaws/aws-java-sdk-identitystore/1.12.625/aws-java-sdk-identitystore-1.12.625.jar:/home/hp/.m2/repository/com/amazonaws/aws-java-sdk-braket/1.12.625/aws-java-sdk-braket-1.12.625.jar:/home/hp/.m2/repository/com/amazonaws/aws-java-sdk-ivs/1.12.625/aws-java-sdk-ivs-1.12.625.jar:/home/hp/.m2/repository/com/amazonaws/aws-java-sdk-honeycode/1.12.625/aws-java-sdk-honeycode-1.12.625.jar:/home/hp/.m2/repository/com/amazonaws/aws-java-sdk-codeartifact/1.12.625/aws-java-sdk-codeartifact-1.12.625.jar:/home/hp/.m2/repository/com/amazonaws/aws-java-sdk-macie2/1.12.625/aws-java-sdk-macie2-1.12.625.jar:/home/hp/.m2/repository/com/amazonaws/aws-java-sdk-iotsitewise/1.12.625/aws-java-sdk-iotsitewise-1.12.625.jar:/home/hp/.m2/repository/com/amazonaws/aws-java-sdk-synthetics/1.12.625/aws-java-sdk-synthetics-1.12.625.jar:/home/hp/.m2/repository/com/amazonaws/aws-java-sdk-codestarconnections/1.12.625/aws-java-sdk-codestarconnections-1.12.625.jar:/home/hp/.m2/repository/com/amazonaws/aws-java-sdk-detective/1.12.625/aws-java-sdk-detective-1.12.625.jar:/home/hp/.m2/repository/com/amazonaws/aws-java-sdk-kinesisvideosignalingchannels/1.12.625/aws-java-sdk-kinesisvideosignalingchannels-1.12.625.jar:/home/hp/.m2/repository/com/amazonaws/aws-java-sdk-ebs/1.12.625/aws-java-sdk-ebs-1.12.625.jar:/home/hp/.m2/repository/com/amazonaws/aws-java-sdk-augmentedairuntime/1.12.625/aws-java-sdk-augmentedairuntime-1.12.625.jar:/home/hp/.m2/repository/com/amazonaws/aws-java-sdk-outposts/1.12.625/aws-java-sdk-outposts-1.12.625.jar:/home/hp/.m2/repository/com/amazonaws/aws-java-sdk-codeguruprofiler/1.12.625/aws-java-sdk-codeguruprofiler-1.12.625.jar:/home/hp/.m2/repository/com/amazonaws/aws-java-sdk-codegurureviewer/1.12.625/aws-java-sdk-codegurureviewer-1.12.625.jar:/home/hp/.m2/repository/com/amazonaws/aws-java-sdk-frauddetector/1.12.625/aws-java-sdk-frauddetector-1.12.625.jar:/home/hp/.m2/repository/com/amazonaws/aws-java-sdk-kendra/1.12.625/aws-java-sdk-kendra-1.12.625.jar:/home/hp/.m2/repository/com/amazonaws/aws-java-sdk-networkmanager/1.12.625/aws-java-sdk-networkmanager-1.12.625.jar:/home/hp/.m2/repository/com/amazonaws/aws-java-sdk-computeoptimizer/1.12.625/aws-java-sdk-computeoptimizer-1.12.625.jar:/home/hp/.m2/repository/com/amazonaws/aws-java-sdk-accessanalyzer/1.12.625/aws-java-sdk-accessanalyzer-1.12.625.jar:/home/hp/.m2/repository/com/amazonaws/aws-java-sdk-schemas/1.12.625/aws-java-sdk-schemas-1.12.625.jar:/home/hp/.m2/repository/com/amazonaws/aws-java-sdk-imagebuilder/1.12.625/aws-java-sdk-imagebuilder-1.12.625.jar:/home/hp/.m2/repository/com/amazonaws/aws-java-sdk-elasticinference/1.12.625/aws-java-sdk-elasticinference-1.12.625.jar:/home/hp/.m2/repository/com/amazonaws/aws-java-sdk-iotsecuretunneling/1.12.625/aws-java-sdk-iotsecuretunneling-1.12.625.jar:/home/hp/.m2/repository/com/amazonaws/aws-java-sdk-appconfig/1.12.625/aws-java-sdk-appconfig-1.12.625.jar:/home/hp/.m2/repository/com/amazonaws/aws-java-sdk-wafv2/1.12.625/aws-java-sdk-wafv2-1.12.625.jar:/home/hp/.m2/repository/com/amazonaws/aws-java-sdk-connectparticipant/1.12.625/aws-java-sdk-connectparticipant-1.12.625.jar:/home/hp/.m2/repository/com/amazonaws/aws-java-sdk-migrationhubconfig/1.12.625/aws-java-sdk-migrationhubconfig-1.12.625.jar:/home/hp/.m2/repository/com/amazonaws/aws-java-sdk-dataexchange/1.12.625/aws-java-sdk-dataexchange-1.12.625.jar:/home/hp/.m2/repository/com/amazonaws/aws-java-sdk-sesv2/1.12.625/aws-java-sdk-sesv2-1.12.625.jar:/home/hp/.m2/repository/com/amazonaws/aws-java-sdk-marketplacecatalog/1.12.625/aws-java-sdk-marketplacecatalog-1.12.625.jar:/home/hp/.m2/repository/com/amazonaws/aws-java-sdk-ssooidc/1.12.625/aws-java-sdk-ssooidc-1.12.625.jar:/home/hp/.m2/repository/com/amazonaws/aws-java-sdk-sso/1.12.625/aws-java-sdk-sso-1.12.625.jar:/home/hp/.m2/repository/com/amazonaws/aws-java-sdk-savingsplans/1.12.625/aws-java-sdk-savingsplans-1.12.625.jar:/home/hp/.m2/repository/com/amazonaws/aws-java-sdk-codestarnotifications/1.12.625/aws-java-sdk-codestarnotifications-1.12.625.jar:/home/hp/.m2/repository/com/amazonaws/aws-java-sdk-workmailmessageflow/1.12.625/aws-java-sdk-workmailmessageflow-1.12.625.jar:/home/hp/.m2/repository/com/amazonaws/aws-java-sdk-qldbsession/1.12.625/aws-java-sdk-qldbsession-1.12.625.jar:/home/hp/.m2/repository/com/amazonaws/aws-java-sdk-qldb/1.12.625/aws-java-sdk-qldb-1.12.625.jar:/home/hp/.m2/repository/com/amazonaws/aws-java-sdk-forecastquery/1.12.625/aws-java-sdk-forecastquery-1.12.625.jar:/home/hp/.m2/repository/com/amazonaws/aws-java-sdk-forecast/1.12.625/aws-java-sdk-forecast-1.12.625.jar:/home/hp/.m2/repository/com/amazonaws/aws-java-sdk-lakeformation/1.12.625/aws-java-sdk-lakeformation-1.12.625.jar:/home/hp/.m2/repository/com/amazonaws/aws-java-sdk-eventbridge/1.12.625/aws-java-sdk-eventbridge-1.12.625.jar:/home/hp/.m2/repository/com/amazonaws/aws-java-sdk-ec2instanceconnect/1.12.625/aws-java-sdk-ec2instanceconnect-1.12.625.jar:/home/hp/.m2/repository/com/amazonaws/aws-java-sdk-applicationinsights/1.12.625/aws-java-sdk-applicationinsights-1.12.625.jar:/home/hp/.m2/repository/com/amazonaws/aws-java-sdk-servicequotas/1.12.625/aws-java-sdk-servicequotas-1.12.625.jar:/home/hp/.m2/repository/com/amazonaws/aws-java-sdk-personalizeevents/1.12.625/aws-java-sdk-personalizeevents-1.12.625.jar:/home/hp/.m2/repository/com/amazonaws/aws-java-sdk-personalize/1.12.625/aws-java-sdk-personalize-1.12.625.jar:/home/hp/.m2/repository/com/amazonaws/aws-java-sdk-personalizeruntime/1.12.625/aws-java-sdk-personalizeruntime-1.12.625.jar:/home/hp/.m2/repository/com/amazonaws/aws-java-sdk-ioteventsdata/1.12.625/aws-java-sdk-ioteventsdata-1.12.625.jar:/home/hp/.m2/repository/com/amazonaws/aws-java-sdk-iotevents/1.12.625/aws-java-sdk-iotevents-1.12.625.jar:/home/hp/.m2/repository/com/amazonaws/aws-java-sdk-iotthingsgraph/1.12.625/aws-java-sdk-iotthingsgraph-1.12.625.jar:/home/hp/.m2/repository/com/amazonaws/aws-java-sdk-groundstation/1.12.625/aws-java-sdk-groundstation-1.12.625.jar:/home/hp/.m2/repository/com/amazonaws/aws-java-sdk-mediapackagevod/1.12.625/aws-java-sdk-mediapackagevod-1.12.625.jar:/home/hp/.m2/repository/com/amazonaws/aws-java-sdk-managedblockchain/1.12.625/aws-java-sdk-managedblockchain-1.12.625.jar:/home/hp/.m2/repository/com/amazonaws/aws-java-sdk-textract/1.12.625/aws-java-sdk-textract-1.12.625.jar:/home/hp/.m2/repository/com/amazonaws/aws-java-sdk-worklink/1.12.625/aws-java-sdk-worklink-1.12.625.jar:/home/hp/.m2/repository/com/amazonaws/aws-java-sdk-backup/1.12.625/aws-java-sdk-backup-1.12.625.jar:/home/hp/.m2/repository/com/amazonaws/aws-java-sdk-docdb/1.12.625/aws-java-sdk-docdb-1.12.625.jar:/home/hp/.m2/repository/com/amazonaws/aws-java-sdk-apigatewayv2/1.12.625/aws-java-sdk-apigatewayv2-1.12.625.jar:/home/hp/.m2/repository/com/amazonaws/aws-java-sdk-apigatewaymanagementapi/1.12.625/aws-java-sdk-apigatewaymanagementapi-1.12.625.jar:/home/hp/.m2/repository/com/amazonaws/aws-java-sdk-kafka/1.12.625/aws-java-sdk-kafka-1.12.625.jar:/home/hp/.m2/repository/com/amazonaws/aws-java-sdk-appmesh/1.12.625/aws-java-sdk-appmesh-1.12.625.jar:/home/hp/.m2/repository/com/amazonaws/aws-java-sdk-licensemanager/1.12.625/aws-java-sdk-licensemanager-1.12.625.jar:/home/hp/.m2/repository/com/amazonaws/aws-java-sdk-securityhub/1.12.625/aws-java-sdk-securityhub-1.12.625.jar:/home/hp/.m2/repository/com/amazonaws/aws-java-sdk-fsx/1.12.625/aws-java-sdk-fsx-1.12.625.jar:/home/hp/.m2/repository/com/amazonaws/aws-java-sdk-mediaconnect/1.12.625/aws-java-sdk-mediaconnect-1.12.625.jar:/home/hp/.m2/repository/com/amazonaws/aws-java-sdk-kinesisanalyticsv2/1.12.625/aws-java-sdk-kinesisanalyticsv2-1.12.625.jar:/home/hp/.m2/repository/com/amazonaws/aws-java-sdk-comprehendmedical/1.12.625/aws-java-sdk-comprehendmedical-1.12.625.jar:/home/hp/.m2/repository/com/amazonaws/aws-java-sdk-globalaccelerator/1.12.625/aws-java-sdk-globalaccelerator-1.12.625.jar:/home/hp/.m2/repository/com/amazonaws/aws-java-sdk-transfer/1.12.625/aws-java-sdk-transfer-1.12.625.jar:/home/hp/.m2/repository/com/amazonaws/aws-java-sdk-datasync/1.12.625/aws-java-sdk-datasync-1.12.625.jar:/home/hp/.m2/repository/com/amazonaws/aws-java-sdk-robomaker/1.12.625/aws-java-sdk-robomaker-1.12.625.jar:/home/hp/.m2/repository/com/amazonaws/aws-java-sdk-amplify/1.12.625/aws-java-sdk-amplify-1.12.625.jar:/home/hp/.m2/repository/com/amazonaws/aws-java-sdk-quicksight/1.12.625/aws-java-sdk-quicksight-1.12.625.jar:/home/hp/.m2/repository/com/amazonaws/aws-java-sdk-rdsdata/1.12.625/aws-java-sdk-rdsdata-1.12.625.jar:/home/hp/.m2/repository/com/amazonaws/aws-java-sdk-route53resolver/1.12.625/aws-java-sdk-route53resolver-1.12.625.jar:/home/hp/.m2/repository/com/amazonaws/aws-java-sdk-ram/1.12.625/aws-java-sdk-ram-1.12.625.jar:/home/hp/.m2/repository/com/amazonaws/aws-java-sdk-s3control/1.12.625/aws-java-sdk-s3control-1.12.625.jar:/home/hp/.m2/repository/com/amazonaws/aws-java-sdk-pinpointsmsvoice/1.12.625/aws-java-sdk-pinpointsmsvoice-1.12.625.jar:/home/hp/.m2/repository/com/amazonaws/aws-java-sdk-pinpointemail/1.12.625/aws-java-sdk-pinpointemail-1.12.625.jar:/home/hp/.m2/repository/com/amazonaws/aws-java-sdk-chime/1.12.625/aws-java-sdk-chime-1.12.625.jar:/home/hp/.m2/repository/com/amazonaws/aws-java-sdk-signer/1.12.625/aws-java-sdk-signer-1.12.625.jar:/home/hp/.m2/repository/com/amazonaws/aws-java-sdk-dlm/1.12.625/aws-java-sdk-dlm-1.12.625.jar:/home/hp/.m2/repository/com/amazonaws/aws-java-sdk-eks/1.12.625/aws-java-sdk-eks-1.12.625.jar:/home/hp/.m2/repository/com/amazonaws/aws-java-sdk-mediatailor/1.12.625/aws-java-sdk-mediatailor-1.12.625.jar:/home/hp/.m2/repository/com/amazonaws/aws-java-sdk-neptune/1.12.625/aws-java-sdk-neptune-1.12.625.jar:/home/hp/.m2/repository/com/amazonaws/aws-java-sdk-pi/1.12.625/aws-java-sdk-pi-1.12.625.jar:/home/hp/.m2/repository/com/amazonaws/aws-java-sdk-iot1clickprojects/1.12.625/aws-java-sdk-iot1clickprojects-1.12.625.jar:/home/hp/.m2/repository/com/amazonaws/aws-java-sdk-iot1clickdevices/1.12.625/aws-java-sdk-iot1clickdevices-1.12.625.jar:/home/hp/.m2/repository/com/amazonaws/aws-java-sdk-iotanalytics/1.12.625/aws-java-sdk-iotanalytics-1.12.625.jar:/home/hp/.m2/repository/com/amazonaws/aws-java-sdk-acmpca/1.12.625/aws-java-sdk-acmpca-1.12.625.jar:/home/hp/.m2/repository/com/amazonaws/aws-java-sdk-secretsmanager/1.12.625/aws-java-sdk-secretsmanager-1.12.625.jar:/home/hp/.m2/repository/com/amazonaws/aws-java-sdk-fms/1.12.625/aws-java-sdk-fms-1.12.625.jar:/home/hp/.m2/repository/com/amazonaws/aws-java-sdk-connect/1.12.625/aws-java-sdk-connect-1.12.625.jar:/home/hp/.m2/repository/com/amazonaws/aws-java-sdk-transcribe/1.12.625/aws-java-sdk-transcribe-1.12.625.jar:/home/hp/.m2/repository/com/amazonaws/aws-java-sdk-autoscalingplans/1.12.625/aws-java-sdk-autoscalingplans-1.12.625.jar:/home/hp/.m2/repository/com/amazonaws/aws-java-sdk-workmail/1.12.625/aws-java-sdk-workmail-1.12.625.jar:/home/hp/.m2/repository/com/amazonaws/aws-java-sdk-servicediscovery/1.12.625/aws-java-sdk-servicediscovery-1.12.625.jar:/home/hp/.m2/repository/com/amazonaws/aws-java-sdk-cloud9/1.12.625/aws-java-sdk-cloud9-1.12.625.jar:/home/hp/.m2/repository/com/amazonaws/aws-java-sdk-serverlessapplicationrepository/1.12.625/aws-java-sdk-serverlessapplicationrepository-1.12.625.jar:/home/hp/.m2/repository/com/amazonaws/aws-java-sdk-alexaforbusiness/1.12.625/aws-java-sdk-alexaforbusiness-1.12.625.jar:/home/hp/.m2/repository/com/amazonaws/aws-java-sdk-resourcegroups/1.12.625/aws-java-sdk-resourcegroups-1.12.625.jar:/home/hp/.m2/repository/com/amazonaws/aws-java-sdk-comprehend/1.12.625/aws-java-sdk-comprehend-1.12.625.jar:/home/hp/.m2/repository/com/amazonaws/aws-java-sdk-translate/1.12.625/aws-java-sdk-translate-1.12.625.jar:/home/hp/.m2/repository/com/amazonaws/aws-java-sdk-sagemaker/1.12.625/aws-java-sdk-sagemaker-1.12.625.jar:/home/hp/.m2/repository/com/amazonaws/aws-java-sdk-iotjobsdataplane/1.12.625/aws-java-sdk-iotjobsdataplane-1.12.625.jar:/home/hp/.m2/repository/com/amazonaws/aws-java-sdk-sagemakerruntime/1.12.625/aws-java-sdk-sagemakerruntime-1.12.625.jar:/home/hp/.m2/repository/com/amazonaws/aws-java-sdk-kinesisvideo/1.12.625/aws-java-sdk-kinesisvideo-1.12.625.jar:/home/hp/.m2/repository/com/amazonaws/aws-java-sdk-appsync/1.12.625/aws-java-sdk-appsync-1.12.625.jar:/home/hp/.m2/repository/com/amazonaws/aws-java-sdk-guardduty/1.12.625/aws-java-sdk-guardduty-1.12.625.jar:/home/hp/.m2/repository/com/amazonaws/aws-java-sdk-mq/1.12.625/aws-java-sdk-mq-1.12.625.jar:/home/hp/.m2/repository/com/amazonaws/aws-java-sdk-mediaconvert/1.12.625/aws-java-sdk-mediaconvert-1.12.625.jar:/home/hp/.m2/repository/com/amazonaws/aws-java-sdk-mediastore/1.12.625/aws-java-sdk-mediastore-1.12.625.jar:/home/hp/.m2/repository/com/amazonaws/aws-java-sdk-mediastoredata/1.12.625/aws-java-sdk-mediastoredata-1.12.625.jar:/home/hp/.m2/repository/com/amazonaws/aws-java-sdk-medialive/1.12.625/aws-java-sdk-medialive-1.12.625.jar:/home/hp/.m2/repository/com/amazonaws/aws-java-sdk-mediapackage/1.12.625/aws-java-sdk-mediapackage-1.12.625.jar:/home/hp/.m2/repository/com/amazonaws/aws-java-sdk-costexplorer/1.12.625/aws-java-sdk-costexplorer-1.12.625.jar:/home/hp/.m2/repository/com/amazonaws/aws-java-sdk-pricing/1.12.625/aws-java-sdk-pricing-1.12.625.jar:/home/hp/.m2/repository/com/amazonaws/aws-java-sdk-mobile/1.12.625/aws-java-sdk-mobile-1.12.625.jar:/home/hp/.m2/repository/com/amazonaws/aws-java-sdk-cloudhsmv2/1.12.625/aws-java-sdk-cloudhsmv2-1.12.625.jar:/home/hp/.m2/repository/com/amazonaws/aws-java-sdk-glue/1.12.625/aws-java-sdk-glue-1.12.625.jar:/home/hp/.m2/repository/com/amazonaws/aws-java-sdk-migrationhub/1.12.625/aws-java-sdk-migrationhub-1.12.625.jar:/home/hp/.m2/repository/com/amazonaws/aws-java-sdk-dax/1.12.625/aws-java-sdk-dax-1.12.625.jar:/home/hp/.m2/repository/com/amazonaws/aws-java-sdk-greengrass/1.12.625/aws-java-sdk-greengrass-1.12.625.jar:/home/hp/.m2/repository/com/amazonaws/aws-java-sdk-athena/1.12.625/aws-java-sdk-athena-1.12.625.jar:/home/hp/.m2/repository/com/amazonaws/aws-java-sdk-marketplaceentitlement/1.12.625/aws-java-sdk-marketplaceentitlement-1.12.625.jar:/home/hp/.m2/repository/com/amazonaws/aws-java-sdk-codestar/1.12.625/aws-java-sdk-codestar-1.12.625.jar:/home/hp/.m2/repository/com/amazonaws/aws-java-sdk-lexmodelbuilding/1.12.625/aws-java-sdk-lexmodelbuilding-1.12.625.jar:/home/hp/.m2/repository/com/amazonaws/aws-java-sdk-resourcegroupstaggingapi/1.12.625/aws-java-sdk-resourcegroupstaggingapi-1.12.625.jar:/home/hp/.m2/repository/com/amazonaws/aws-java-sdk-pinpoint/1.12.625/aws-java-sdk-pinpoint-1.12.625.jar:/home/hp/.m2/repository/com/amazonaws/aws-java-sdk-xray/1.12.625/aws-java-sdk-xray-1.12.625.jar:/home/hp/.m2/repository/com/amazonaws/aws-java-sdk-opsworkscm/1.12.625/aws-java-sdk-opsworkscm-1.12.625.jar:/home/hp/.m2/repository/com/amazonaws/aws-java-sdk-support/1.12.625/aws-java-sdk-support-1.12.625.jar:/home/hp/.m2/repository/com/amazonaws/aws-java-sdk-simpledb/1.12.625/aws-java-sdk-simpledb-1.12.625.jar:/home/hp/.m2/repository/com/amazonaws/aws-java-sdk-servicecatalog/1.12.625/aws-java-sdk-servicecatalog-1.12.625.jar:/home/hp/.m2/repository/com/amazonaws/aws-java-sdk-servermigration/1.12.625/aws-java-sdk-servermigration-1.12.625.jar:/home/hp/.m2/repository/com/amazonaws/aws-java-sdk-simpleworkflow/1.12.625/aws-java-sdk-simpleworkflow-1.12.625.jar:/home/hp/.m2/repository/com/amazonaws/aws-java-sdk-storagegateway/1.12.625/aws-java-sdk-storagegateway-1.12.625.jar:/home/hp/.m2/repository/com/amazonaws/aws-java-sdk-route53/1.12.625/aws-java-sdk-route53-1.12.625.jar:/home/hp/.m2/repository/com/amazonaws/aws-java-sdk-s3/1.12.625/aws-java-sdk-s3-1.12.625.jar:/home/hp/.m2/repository/com/amazonaws/aws-java-sdk-importexport/1.12.625/aws-java-sdk-importexport-1.12.625.jar:/home/hp/.m2/repository/com/amazonaws/aws-java-sdk-sts/1.12.625/aws-java-sdk-sts-1.12.625.jar:/home/hp/.m2/repository/com/amazonaws/aws-java-sdk-sqs/1.12.625/aws-java-sdk-sqs-1.12.625.jar:/home/hp/.m2/repository/com/amazonaws/aws-java-sdk-rds/1.12.625/aws-java-sdk-rds-1.12.625.jar:/home/hp/.m2/repository/com/amazonaws/aws-java-sdk-redshift/1.12.625/aws-java-sdk-redshift-1.12.625.jar:/home/hp/.m2/repository/com/amazonaws/aws-java-sdk-elasticbeanstalk/1.12.625/aws-java-sdk-elasticbeanstalk-1.12.625.jar:/home/hp/.m2/repository/com/amazonaws/aws-java-sdk-glacier/1.12.625/aws-java-sdk-glacier-1.12.625.jar:/home/hp/.m2/repository/com/amazonaws/aws-java-sdk-iam/1.12.625/aws-java-sdk-iam-1.12.625.jar:/home/hp/.m2/repository/com/amazonaws/aws-java-sdk-datapipeline/1.12.625/aws-java-sdk-datapipeline-1.12.625.jar:/home/hp/.m2/repository/com/amazonaws/aws-java-sdk-elasticloadbalancing/1.12.625/aws-java-sdk-elasticloadbalancing-1.12.625.jar:/home/hp/.m2/repository/com/amazonaws/aws-java-sdk-elasticloadbalancingv2/1.12.625/aws-java-sdk-elasticloadbalancingv2-1.12.625.jar:/home/hp/.m2/repository/com/amazonaws/aws-java-sdk-emr/1.12.625/aws-java-sdk-emr-1.12.625.jar:/home/hp/.m2/repository/com/amazonaws/aws-java-sdk-elasticache/1.12.625/aws-java-sdk-elasticache-1.12.625.jar:/home/hp/.m2/repository/com/amazonaws/aws-java-sdk-elastictranscoder/1.12.625/aws-java-sdk-elastictranscoder-1.12.625.jar:/home/hp/.m2/repository/com/amazonaws/aws-java-sdk-ec2/1.12.625/aws-java-sdk-ec2-1.12.625.jar:/home/hp/.m2/repository/com/amazonaws/aws-java-sdk-dynamodb/1.12.625/aws-java-sdk-dynamodb-1.12.625.jar:/home/hp/.m2/repository/com/amazonaws/aws-java-sdk-sns/1.12.625/aws-java-sdk-sns-1.12.625.jar:/home/hp/.m2/repository/com/amazonaws/aws-java-sdk-budgets/1.12.625/aws-java-sdk-budgets-1.12.625.jar:/home/hp/.m2/repository/com/amazonaws/aws-java-sdk-cloudtrail/1.12.625/aws-java-sdk-cloudtrail-1.12.625.jar:/home/hp/.m2/repository/com/amazonaws/aws-java-sdk-cloudwatch/1.12.625/aws-java-sdk-cloudwatch-1.12.625.jar:/home/hp/.m2/repository/com/amazonaws/aws-java-sdk-logs/1.12.625/aws-java-sdk-logs-1.12.625.jar:/home/hp/.m2/repository/com/amazonaws/aws-java-sdk-events/1.12.625/aws-java-sdk-events-1.12.625.jar:/home/hp/.m2/repository/com/amazonaws/aws-java-sdk-cognitoidentity/1.12.625/aws-java-sdk-cognitoidentity-1.12.625.jar:/home/hp/.m2/repository/com/amazonaws/aws-java-sdk-cognitosync/1.12.625/aws-java-sdk-cognitosync-1.12.625.jar:/home/hp/.m2/repository/com/amazonaws/aws-java-sdk-directconnect/1.12.625/aws-java-sdk-directconnect-1.12.625.jar:/home/hp/.m2/repository/com/amazonaws/aws-java-sdk-cloudformation/1.12.625/aws-java-sdk-cloudformation-1.12.625.jar:/home/hp/.m2/repository/com/amazonaws/aws-java-sdk-cloudfront/1.12.625/aws-java-sdk-cloudfront-1.12.625.jar:/home/hp/.m2/repository/com/amazonaws/aws-java-sdk-clouddirectory/1.12.625/aws-java-sdk-clouddirectory-1.12.625.jar:/home/hp/.m2/repository/com/amazonaws/aws-java-sdk-kinesis/1.12.625/aws-java-sdk-kinesis-1.12.625.jar:/home/hp/.m2/repository/com/amazonaws/aws-java-sdk-opsworks/1.12.625/aws-java-sdk-opsworks-1.12.625.jar:/home/hp/.m2/repository/com/amazonaws/aws-java-sdk-ses/1.12.625/aws-java-sdk-ses-1.12.625.jar:/home/hp/.m2/repository/com/amazonaws/aws-java-sdk-autoscaling/1.12.625/aws-java-sdk-autoscaling-1.12.625.jar:/home/hp/.m2/repository/com/amazonaws/aws-java-sdk-cloudsearch/1.12.625/aws-java-sdk-cloudsearch-1.12.625.jar:/home/hp/.m2/repository/com/amazonaws/aws-java-sdk-cloudwatchmetrics/1.12.625/aws-java-sdk-cloudwatchmetrics-1.12.625.jar:/home/hp/.m2/repository/com/amazonaws/aws-java-sdk-codedeploy/1.12.625/aws-java-sdk-codedeploy-1.12.625.jar:/home/hp/.m2/repository/com/amazonaws/aws-java-sdk-codepipeline/1.12.625/aws-java-sdk-codepipeline-1.12.625.jar:/home/hp/.m2/repository/com/amazonaws/aws-java-sdk-kms/1.12.625/aws-java-sdk-kms-1.12.625.jar:/home/hp/.m2/repository/com/amazonaws/aws-java-sdk-config/1.12.625/aws-java-sdk-config-1.12.625.jar:/home/hp/.m2/repository/com/amazonaws/aws-java-sdk-lambda/1.12.625/aws-java-sdk-lambda-1.12.625.jar:/home/hp/.m2/repository/com/amazonaws/aws-java-sdk-ecs/1.12.625/aws-java-sdk-ecs-1.12.625.jar:/home/hp/.m2/repository/com/amazonaws/aws-java-sdk-ecr/1.12.625/aws-java-sdk-ecr-1.12.625.jar:/home/hp/.m2/repository/com/amazonaws/aws-java-sdk-cloudhsm/1.12.625/aws-java-sdk-cloudhsm-1.12.625.jar:/home/hp/.m2/repository/com/amazonaws/aws-java-sdk-ssm/1.12.625/aws-java-sdk-ssm-1.12.625.jar:/home/hp/.m2/repository/com/amazonaws/aws-java-sdk-workspaces/1.12.625/aws-java-sdk-workspaces-1.12.625.jar:/home/hp/.m2/repository/com/amazonaws/aws-java-sdk-machinelearning/1.12.625/aws-java-sdk-machinelearning-1.12.625.jar:/home/hp/.m2/repository/com/amazonaws/aws-java-sdk-directory/1.12.625/aws-java-sdk-directory-1.12.625.jar:/home/hp/.m2/repository/com/amazonaws/aws-java-sdk-efs/1.12.625/aws-java-sdk-efs-1.12.625.jar:/home/hp/.m2/repository/com/amazonaws/aws-java-sdk-codecommit/1.12.625/aws-java-sdk-codecommit-1.12.625.jar:/home/hp/.m2/repository/com/amazonaws/aws-java-sdk-devicefarm/1.12.625/aws-java-sdk-devicefarm-1.12.625.jar:/home/hp/.m2/repository/com/amazonaws/aws-java-sdk-elasticsearch/1.12.625/aws-java-sdk-elasticsearch-1.12.625.jar:/home/hp/.m2/repository/com/amazonaws/aws-java-sdk-waf/1.12.625/aws-java-sdk-waf-1.12.625.jar:/home/hp/.m2/repository/com/amazonaws/aws-java-sdk-marketplacecommerceanalytics/1.12.625/aws-java-sdk-marketplacecommerceanalytics-1.12.625.jar:/home/hp/.m2/repository/com/amazonaws/aws-java-sdk-inspector/1.12.625/aws-java-sdk-inspector-1.12.625.jar:/home/hp/.m2/repository/com/amazonaws/aws-java-sdk-iot/1.12.625/aws-java-sdk-iot-1.12.625.jar:/home/hp/.m2/repository/com/amazonaws/aws-java-sdk-api-gateway/1.12.625/aws-java-sdk-api-gateway-1.12.625.jar:/home/hp/.m2/repository/com/amazonaws/aws-java-sdk-acm/1.12.625/aws-java-sdk-acm-1.12.625.jar:/home/hp/.m2/repository/com/amazonaws/aws-java-sdk-gamelift/1.12.625/aws-java-sdk-gamelift-1.12.625.jar:/home/hp/.m2/repository/com/amazonaws/aws-java-sdk-dms/1.12.625/aws-java-sdk-dms-1.12.625.jar:/home/hp/.m2/repository/com/amazonaws/aws-java-sdk-marketplacemeteringservice/1.12.625/aws-java-sdk-marketplacemeteringservice-1.12.625.jar:/home/hp/.m2/repository/com/amazonaws/aws-java-sdk-cognitoidp/1.12.625/aws-java-sdk-cognitoidp-1.12.625.jar:/home/hp/.m2/repository/com/amazonaws/aws-java-sdk-discovery/1.12.625/aws-java-sdk-discovery-1.12.625.jar:/home/hp/.m2/repository/com/amazonaws/aws-java-sdk-applicationautoscaling/1.12.625/aws-java-sdk-applicationautoscaling-1.12.625.jar:/home/hp/.m2/repository/com/amazonaws/aws-java-sdk-snowball/1.12.625/aws-java-sdk-snowball-1.12.625.jar:/home/hp/.m2/repository/com/amazonaws/aws-java-sdk-rekognition/1.12.625/aws-java-sdk-rekognition-1.12.625.jar:/home/hp/.m2/repository/com/amazonaws/aws-java-sdk-polly/1.12.625/aws-java-sdk-polly-1.12.625.jar:/home/hp/.m2/repository/com/amazonaws/aws-java-sdk-lightsail/1.12.625/aws-java-sdk-lightsail-1.12.625.jar:/home/hp/.m2/repository/com/amazonaws/aws-java-sdk-stepfunctions/1.12.625/aws-java-sdk-stepfunctions-1.12.625.jar:/home/hp/.m2/repository/com/amazonaws/aws-java-sdk-health/1.12.625/aws-java-sdk-health-1.12.625.jar:/home/hp/.m2/repository/com/amazonaws/aws-java-sdk-costandusagereport/1.12.625/aws-java-sdk-costandusagereport-1.12.625.jar:/home/hp/.m2/repository/com/amazonaws/aws-java-sdk-codebuild/1.12.625/aws-java-sdk-codebuild-1.12.625.jar:/home/hp/.m2/repository/com/amazonaws/aws-java-sdk-appstream/1.12.625/aws-java-sdk-appstream-1.12.625.jar:/home/hp/.m2/repository/com/amazonaws/aws-java-sdk-shield/1.12.625/aws-java-sdk-shield-1.12.625.jar:/home/hp/.m2/repository/com/amazonaws/aws-java-sdk-batch/1.12.625/aws-java-sdk-batch-1.12.625.jar:/home/hp/.m2/repository/com/amazonaws/aws-java-sdk-lex/1.12.625/aws-java-sdk-lex-1.12.625.jar:/home/hp/.m2/repository/com/amazonaws/aws-java-sdk-mechanicalturkrequester/1.12.625/aws-java-sdk-mechanicalturkrequester-1.12.625.jar:/home/hp/.m2/repository/com/amazonaws/aws-java-sdk-organizations/1.12.625/aws-java-sdk-organizations-1.12.625.jar:/home/hp/.m2/repository/com/amazonaws/aws-java-sdk-workdocs/1.12.625/aws-java-sdk-workdocs-1.12.625.jar:/home/hp/.m2/repository/com/amazonaws/aws-java-sdk-core/1.12.625/aws-java-sdk-core-1.12.625.jar:/home/hp/.m2/repository/commons-logging/commons-logging/1.1.3/commons-logging-1.1.3.jar:/home/hp/.m2/repository/commons-codec/commons-codec/1.16.0/commons-codec-1.16.0.jar:/home/hp/.m2/repository/org/apache/httpcomponents/httpclient/4.5.13/httpclient-4.5.13.jar:/home/hp/.m2/repository/org/apache/httpcomponents/httpcore/4.4.16/httpcore-4.4.16.jar:/home/hp/.m2/repository/software/amazon/ion/ion-java/1.0.2/ion-java-1.0.2.jar:/home/hp/.m2/repository/com/fasterxml/jackson/dataformat/jackson-dataformat-cbor/2.15.3/jackson-dataformat-cbor-2.15.3.jar:/home/hp/.m2/repository/joda-time/joda-time/2.8.1/joda-time-2.8.1.jar:/home/hp/.m2/repository/com/amazonaws/aws-java-sdk-models/1.12.625/aws-java-sdk-models-1.12.625.jar:/home/hp/.m2/repository/com/amazonaws/aws-java-sdk-swf-libraries/1.11.22/aws-java-sdk-swf-libraries-1.11.22.jar:/home/hp/.m2/repository/com/stripe/stripe-java/24.9.0/stripe-java-24.9.0.jar:/home/hp/.m2/repository/io/socket/socket.io-client/2.1.0/socket.io-client-2.1.0.jar:/home/hp/.m2/repository/io/socket/engine.io-client/2.1.0/engine.io-client-2.1.0.jar:/home/hp/.m2/repository/com/squareup/okhttp3/okhttp/4.12.0/okhttp-4.12.0.jar:/home/hp/.m2/repository/com/squareup/okio/okio/3.6.0/okio-3.6.0.jar:/home/hp/.m2/repository/com/squareup/okio/okio-jvm/3.6.0/okio-jvm-3.6.0.jar:/home/hp/.m2/repository/org/jetbrains/kotlin/kotlin-stdlib-common/1.9.21/kotlin-stdlib-common-1.9.21.jar:/home/hp/.m2/repository/org/jetbrains/kotlin/kotlin-stdlib-jdk8/1.9.21/kotlin-stdlib-jdk8-1.9.21.jar:/home/hp/.m2/repository/org/jetbrains/kotlin/kotlin-stdlib/1.9.21/kotlin-stdlib-1.9.21.jar:/home/hp/.m2/repository/org/jetbrains/annotations/13.0/annotations-13.0.jar:/home/hp/.m2/repository/org/jetbrains/kotlin/kotlin-stdlib-jdk7/1.9.21/kotlin-stdlib-jdk7-1.9.21.jar:/home/hp/.m2/repository/org/json/json/20090211/json-20090211.jar:/home/hp/.m2/repository/com/corundumstudio/socketio/netty-socketio/2.0.0/netty-socketio-2.0.0.jar:/home/hp/.m2/repository/io/netty/netty-buffer/4.1.104.Final/netty-buffer-4.1.104.Final.jar:/home/hp/.m2/repository/io/netty/netty-common/4.1.104.Final/netty-common-4.1.104.Final.jar:/home/hp/.m2/repository/io/netty/netty-transport/4.1.104.Final/netty-transport-4.1.104.Final.jar:/home/hp/.m2/repository/io/netty/netty-resolver/4.1.104.Final/netty-resolver-4.1.104.Final.jar:/home/hp/.m2/repository/io/netty/netty-handler/4.1.104.Final/netty-handler-4.1.104.Final.jar:/home/hp/.m2/repository/io/netty/netty-transport-native-unix-common/4.1.104.Final/netty-transport-native-unix-common-4.1.104.Final.jar:/home/hp/.m2/repository/io/netty/netty-codec-http/4.1.104.Final/netty-codec-http-4.1.104.Final.jar:/home/hp/.m2/repository/io/netty/netty-codec/4.1.104.Final/netty-codec-4.1.104.Final.jar:/home/hp/.m2/repository/io/netty/netty-transport-native-epoll/4.1.104.Final/netty-transport-native-epoll-4.1.104.Final.jar:/home/hp/.m2/repository/io/netty/netty-transport-classes-epoll/4.1.104.Final/netty-transport-classes-epoll-4.1.104.Final.jar:/home/hp/.m2/repository/org/slf4j/slf4j-api/2.0.9/slf4j-api-2.0.9.jar:/home/hp/.m2/repository/com/fasterxml/jackson/core/jackson-core/2.15.3/jackson-core-2.15.3.jar:/home/hp/.m2/repository/com/fasterxml/jackson/core/jackson-databind/2.15.3/jackson-databind-2.15.3.jar:/home/hp/.m2/repository/com/fasterxml/jackson/core/jackson-annotations/2.15.3/jackson-annotations-2.15.3.jar:/home/hp/.m2/repository/com/google/code/gson/gson/2.10.1/gson-2.10.1.jar:/home/hp/.m2/repository/org/springframework/boot/spring-boot-starter-test/3.2.1/spring-boot-starter-test-3.2.1.jar:/home/hp/.m2/repository/org/springframework/boot/spring-boot-test/3.2.1/spring-boot-test-3.2.1.jar:/home/hp/.m2/repository/org/springframework/boot/spring-boot-test-autoconfigure/3.2.1/spring-boot-test-autoconfigure-3.2.1.jar:/home/hp/.m2/repository/com/jayway/jsonpath/json-path/2.8.0/json-path-2.8.0.jar:/home/hp/.m2/repository/jakarta/xml/bind/jakarta.xml.bind-api/4.0.1/jakarta.xml.bind-api-4.0.1.jar:/home/hp/.m2/repository/jakarta/activation/jakarta.activation-api/2.1.2/jakarta.activation-api-2.1.2.jar:/home/hp/.m2/repository/net/minidev/json-smart/2.5.0/json-smart-2.5.0.jar:/home/hp/.m2/repository/net/minidev/accessors-smart/2.5.0/accessors-smart-2.5.0.jar:/home/hp/.m2/repository/org/ow2/asm/asm/9.3/asm-9.3.jar:/home/hp/.m2/repository/org/assertj/assertj-core/3.24.2/assertj-core-3.24.2.jar:/home/hp/.m2/repository/org/awaitility/awaitility/4.2.0/awaitility-4.2.0.jar:/home/hp/.m2/repository/org/hamcrest/hamcrest/2.2/hamcrest-2.2.jar:/home/hp/.m2/repository/org/junit/jupiter/junit-jupiter/5.10.1/junit-jupiter-5.10.1.jar:/home/hp/.m2/repository/org/junit/jupiter/junit-jupiter-api/5.10.1/junit-jupiter-api-5.10.1.jar:/home/hp/.m2/repository/org/opentest4j/opentest4j/1.3.0/opentest4j-1.3.0.jar:/home/hp/.m2/repository/org/junit/platform/junit-platform-commons/1.10.1/junit-platform-commons-1.10.1.jar:/home/hp/.m2/repository/org/apiguardian/apiguardian-api/1.1.2/apiguardian-api-1.1.2.jar:/home/hp/.m2/repository/org/junit/jupiter/junit-jupiter-params/5.10.1/junit-jupiter-params-5.10.1.jar:/home/hp/.m2/repository/org/junit/jupiter/junit-jupiter-engine/5.10.1/junit-jupiter-engine-5.10.1.jar:/home/hp/.m2/repository/org/junit/platform/junit-platform-engine/1.10.1/junit-platform-engine-1.10.1.jar:/home/hp/.m2/repository/org/mockito/mockito-core/5.7.0/mockito-core-5.7.0.jar:/home/hp/.m2/repository/net/bytebuddy/byte-buddy-agent/1.14.10/byte-buddy-agent-1.14.10.jar:/home/hp/.m2/repository/org/objenesis/objenesis/3.3/objenesis-3.3.jar:/home/hp/.m2/repository/org/mockito/mockito-junit-jupiter/5.7.0/mockito-junit-jupiter-5.7.0.jar:/home/hp/.m2/repository/org/skyscreamer/jsonassert/1.5.1/jsonassert-1.5.1.jar:/home/hp/.m2/repository/com/vaadin/external/google/android-json/0.0.20131108.vaadin1/android-json-0.0.20131108.vaadin1.jar:/home/hp/.m2/repository/org/springframework/spring-test/6.1.2/spring-test-6.1.2.jar:/home/hp/.m2/repository/org/xmlunit/xmlunit-core/2.9.1/xmlunit-core-2.9.1.jar:"/>
    <property name="java.vm.vendor" value="Oracle Corporation"/>
    <property name="sun.arch.data.model" value="64"/>
    <property name="java.vendor.url" value="https://java.oracle.com/"/>
    <property name="user.timezone" value="Asia/Kolkata"/>
    <property name="org.jboss.logging.provider" value="slf4j"/>
    <property name="os.name" value="Linux"/>
    <property name="java.vm.specification.version" value="21"/>
    <property name="sun.java.launcher" value="SUN_STANDARD"/>
    <property name="user.country" value="IN"/>
    <property name="sun.boot.library.path" value="/home/hp/.jdks/openjdk-21/lib"/>
    <property name="sun.java.command" value="/media/hp/Android1/MyRepository/Property_ZulixBackend/target/surefire/surefirebooter-20240116123925659_3.jar /media/hp/Android1/MyRepository/Property_ZulixBackend/target/surefire 2024-01-16T12-39-25_563-jvmRun1 surefire-20240116123925659_1tmp surefire_0-20240116123925659_2tmp"/>
    <property name="jdk.debug" value="release"/>
    <property name="surefire.test.class.path" value="/media/hp/Android1/MyRepository/Property_ZulixBackend/target/test-classes:/media/hp/Android1/MyRepository/Property_ZulixBackend/target/classes:/home/hp/.m2/repository/org/springframework/boot/spring-boot-starter-data-jdbc/3.2.1/spring-boot-starter-data-jdbc-3.2.1.jar:/home/hp/.m2/repository/org/springframework/data/spring-data-jdbc/3.2.1/spring-data-jdbc-3.2.1.jar:/home/hp/.m2/repository/org/springframework/data/spring-data-relational/3.2.1/spring-data-relational-3.2.1.jar:/home/hp/.m2/repository/com/github/jsqlparser/jsqlparser/4.6/jsqlparser-4.6.jar:/home/hp/.m2/repository/org/springframework/data/spring-data-commons/3.2.1/spring-data-commons-3.2.1.jar:/home/hp/.m2/repository/org/springframework/spring-tx/6.1.2/spring-tx-6.1.2.jar:/home/hp/.m2/repository/org/springframework/boot/spring-boot-starter-data-jpa/3.2.1/spring-boot-starter-data-jpa-3.2.1.jar:/home/hp/.m2/repository/org/springframework/boot/spring-boot-starter-aop/3.2.1/spring-boot-starter-aop-3.2.1.jar:/home/hp/.m2/repository/org/aspectj/aspectjweaver/1.9.21/aspectjweaver-1.9.21.jar:/home/hp/.m2/repository/org/hibernate/orm/hibernate-core/6.4.1.Final/hibernate-core-6.4.1.Final.jar:/home/hp/.m2/repository/jakarta/persistence/jakarta.persistence-api/3.1.0/jakarta.persistence-api-3.1.0.jar:/home/hp/.m2/repository/jakarta/transaction/jakarta.transaction-api/2.0.1/jakarta.transaction-api-2.0.1.jar:/home/hp/.m2/repository/org/jboss/logging/jboss-logging/3.5.3.Final/jboss-logging-3.5.3.Final.jar:/home/hp/.m2/repository/org/hibernate/common/hibernate-commons-annotations/6.0.6.Final/hibernate-commons-annotations-6.0.6.Final.jar:/home/hp/.m2/repository/io/smallrye/jandex/3.1.2/jandex-3.1.2.jar:/home/hp/.m2/repository/com/fasterxml/classmate/1.6.0/classmate-1.6.0.jar:/home/hp/.m2/repository/net/bytebuddy/byte-buddy/1.14.10/byte-buddy-1.14.10.jar:/home/hp/.m2/repository/org/glassfish/jaxb/jaxb-runtime/4.0.4/jaxb-runtime-4.0.4.jar:/home/hp/.m2/repository/org/glassfish/jaxb/jaxb-core/4.0.4/jaxb-core-4.0.4.jar:/home/hp/.m2/repository/org/eclipse/angus/angus-activation/2.0.1/angus-activation-2.0.1.jar:/home/hp/.m2/repository/org/glassfish/jaxb/txw2/4.0.4/txw2-4.0.4.jar:/home/hp/.m2/repository/com/sun/istack/istack-commons-runtime/4.1.2/istack-commons-runtime-4.1.2.jar:/home/hp/.m2/repository/jakarta/inject/jakarta.inject-api/2.0.1/jakarta.inject-api-2.0.1.jar:/home/hp/.m2/repository/org/antlr/antlr4-runtime/4.13.0/antlr4-runtime-4.13.0.jar:/home/hp/.m2/repository/org/springframework/data/spring-data-jpa/3.2.1/spring-data-jpa-3.2.1.jar:/home/hp/.m2/repository/org/springframework/spring-orm/6.1.2/spring-orm-6.1.2.jar:/home/hp/.m2/repository/jakarta/annotation/jakarta.annotation-api/2.1.1/jakarta.annotation-api-2.1.1.jar:/home/hp/.m2/repository/org/springframework/spring-aspects/6.1.2/spring-aspects-6.1.2.jar:/home/hp/.m2/repository/org/springframework/boot/spring-boot-starter-jdbc/3.2.1/spring-boot-starter-jdbc-3.2.1.jar:/home/hp/.m2/repository/org/springframework/boot/spring-boot-starter/3.2.1/spring-boot-starter-3.2.1.jar:/home/hp/.m2/repository/org/springframework/boot/spring-boot-starter-logging/3.2.1/spring-boot-starter-logging-3.2.1.jar:/home/hp/.m2/repository/ch/qos/logback/logback-classic/1.4.14/logback-classic-1.4.14.jar:/home/hp/.m2/repository/ch/qos/logback/logback-core/1.4.14/logback-core-1.4.14.jar:/home/hp/.m2/repository/org/apache/logging/log4j/log4j-to-slf4j/2.21.1/log4j-to-slf4j-2.21.1.jar:/home/hp/.m2/repository/org/apache/logging/log4j/log4j-api/2.21.1/log4j-api-2.21.1.jar:/home/hp/.m2/repository/org/slf4j/jul-to-slf4j/2.0.9/jul-to-slf4j-2.0.9.jar:/home/hp/.m2/repository/org/yaml/snakeyaml/2.2/snakeyaml-2.2.jar:/home/hp/.m2/repository/com/zaxxer/HikariCP/5.0.1/HikariCP-5.0.1.jar:/home/hp/.m2/repository/org/springframework/spring-jdbc/6.1.2/spring-jdbc-6.1.2.jar:/home/hp/.m2/repository/org/springframework/boot/spring-boot-starter-web/3.2.1/spring-boot-starter-web-3.2.1.jar:/home/hp/.m2/repository/org/springframework/boot/spring-boot-starter-json/3.2.1/spring-boot-starter-json-3.2.1.jar:/home/hp/.m2/repository/com/fasterxml/jackson/datatype/jackson-datatype-jdk8/2.15.3/jackson-datatype-jdk8-2.15.3.jar:/home/hp/.m2/repository/com/fasterxml/jackson/datatype/jackson-datatype-jsr310/2.15.3/jackson-datatype-jsr310-2.15.3.jar:/home/hp/.m2/repository/com/fasterxml/jackson/module/jackson-module-parameter-names/2.15.3/jackson-module-parameter-names-2.15.3.jar:/home/hp/.m2/repository/org/springframework/boot/spring-boot-starter-tomcat/3.2.1/spring-boot-starter-tomcat-3.2.1.jar:/home/hp/.m2/repository/org/apache/tomcat/embed/tomcat-embed-core/10.1.17/tomcat-embed-core-10.1.17.jar:/home/hp/.m2/repository/org/apache/tomcat/embed/tomcat-embed-el/10.1.17/tomcat-embed-el-10.1.17.jar:/home/hp/.m2/repository/org/apache/tomcat/embed/tomcat-embed-websocket/10.1.17/tomcat-embed-websocket-10.1.17.jar:/home/hp/.m2/repository/org/springframework/spring-web/6.1.2/spring-web-6.1.2.jar:/home/hp/.m2/repository/org/springframework/spring-webmvc/6.1.2/spring-webmvc-6.1.2.jar:/home/hp/.m2/repository/org/springframework/security/spring-security-core/6.2.1/spring-security-core-6.2.1.jar:/home/hp/.m2/repository/org/springframework/security/spring-security-crypto/6.2.1/spring-security-crypto-6.2.1.jar:/home/hp/.m2/repository/org/springframework/spring-aop/6.1.2/spring-aop-6.1.2.jar:/home/hp/.m2/repository/org/springframework/spring-beans/6.1.2/spring-beans-6.1.2.jar:/home/hp/.m2/repository/org/springframework/spring-context/6.1.2/spring-context-6.1.2.jar:/home/hp/.m2/repository/org/springframework/spring-core/6.1.2/spring-core-6.1.2.jar:/home/hp/.m2/repository/org/springframework/spring-jcl/6.1.2/spring-jcl-6.1.2.jar:/home/hp/.m2/repository/org/springframework/spring-expression/6.1.2/spring-expression-6.1.2.jar:/home/hp/.m2/repository/io/micrometer/micrometer-observation/1.12.1/micrometer-observation-1.12.1.jar:/home/hp/.m2/repository/io/micrometer/micrometer-commons/1.12.1/micrometer-commons-1.12.1.jar:/home/hp/.m2/repository/io/jsonwebtoken/jjwt/0.12.3/jjwt-0.12.3.jar:/home/hp/.m2/repository/io/jsonwebtoken/jjwt-api/0.12.3/jjwt-api-0.12.3.jar:/home/hp/.m2/repository/io/jsonwebtoken/jjwt-impl/0.12.3/jjwt-impl-0.12.3.jar:/home/hp/.m2/repository/io/jsonwebtoken/jjwt-jackson/0.12.3/jjwt-jackson-0.12.3.jar:/home/hp/.m2/repository/org/springframework/boot/spring-boot-devtools/3.2.1/spring-boot-devtools-3.2.1.jar:/home/hp/.m2/repository/org/springframework/boot/spring-boot/3.2.1/spring-boot-3.2.1.jar:/home/hp/.m2/repository/org/springframework/boot/spring-boot-autoconfigure/3.2.1/spring-boot-autoconfigure-3.2.1.jar:/home/hp/.m2/repository/com/microsoft/sqlserver/mssql-jdbc/12.4.2.jre11/mssql-jdbc-12.4.2.jre11.jar:/home/hp/.m2/repository/org/postgresql/postgresql/42.6.0/postgresql-42.6.0.jar:/home/hp/.m2/repository/org/checkerframework/checker-qual/3.31.0/checker-qual-3.31.0.jar:/home/hp/.m2/repository/org/projectlombok/lombok/1.18.30/lombok-1.18.30.jar:/home/hp/.m2/repository/com/amazonaws/aws-java-sdk/1.12.625/aws-java-sdk-1.12.625.jar:/home/hp/.m2/repository/com/amazonaws/aws-java-sdk-networkmonitor/1.12.625/aws-java-sdk-networkmonitor-1.12.625.jar:/home/hp/.m2/repository/com/amazonaws/jmespath-java/1.12.625/jmespath-java-1.12.625.jar:/home/hp/.m2/repository/com/amazonaws/aws-java-sdk-marketplaceagreement/1.12.625/aws-java-sdk-marketplaceagreement-1.12.625.jar:/home/hp/.m2/repository/com/amazonaws/aws-java-sdk-marketplacedeployment/1.12.625/aws-java-sdk-marketplacedeployment-1.12.625.jar:/home/hp/.m2/repository/com/amazonaws/aws-java-sdk-cleanroomsml/1.12.625/aws-java-sdk-cleanroomsml-1.12.625.jar:/home/hp/.m2/repository/com/amazonaws/aws-java-sdk-bedrockagent/1.12.625/aws-java-sdk-bedrockagent-1.12.625.jar:/home/hp/.m2/repository/com/amazonaws/aws-java-sdk-qconnect/1.12.625/aws-java-sdk-qconnect-1.12.625.jar:/home/hp/.m2/repository/com/amazonaws/aws-java-sdk-qbusiness/1.12.625/aws-java-sdk-qbusiness-1.12.625.jar:/home/hp/.m2/repository/com/amazonaws/aws-java-sdk-bedrockagentruntime/1.12.625/aws-java-sdk-bedrockagentruntime-1.12.625.jar:/home/hp/.m2/repository/com/amazonaws/aws-java-sdk-b2bi/1.12.625/aws-java-sdk-b2bi-1.12.625.jar:/home/hp/.m2/repository/com/amazonaws/aws-java-sdk-workspacesthinclient/1.12.625/aws-java-sdk-workspacesthinclient-1.12.625.jar:/home/hp/.m2/repository/com/amazonaws/aws-java-sdk-eksauth/1.12.625/aws-java-sdk-eksauth-1.12.625.jar:/home/hp/.m2/repository/com/amazonaws/aws-java-sdk-freetier/1.12.625/aws-java-sdk-freetier-1.12.625.jar:/home/hp/.m2/repository/com/amazonaws/aws-java-sdk-bcmdataexports/1.12.625/aws-java-sdk-bcmdataexports-1.12.625.jar:/home/hp/.m2/repository/com/amazonaws/aws-java-sdk-repostspace/1.12.625/aws-java-sdk-repostspace-1.12.625.jar:/home/hp/.m2/repository/com/amazonaws/aws-java-sdk-costoptimizationhub/1.12.625/aws-java-sdk-costoptimizationhub-1.12.625.jar:/home/hp/.m2/repository/com/amazonaws/aws-java-sdk-inspectorscan/1.12.625/aws-java-sdk-inspectorscan-1.12.625.jar:/home/hp/.m2/repository/com/amazonaws/aws-java-sdk-cloudfrontkeyvaluestore/1.12.625/aws-java-sdk-cloudfrontkeyvaluestore-1.12.625.jar:/home/hp/.m2/repository/com/amazonaws/aws-java-sdk-trustedadvisor/1.12.625/aws-java-sdk-trustedadvisor-1.12.625.jar:/home/hp/.m2/repository/com/amazonaws/aws-java-sdk-launchwizard/1.12.625/aws-java-sdk-launchwizard-1.12.625.jar:/home/hp/.m2/repository/com/amazonaws/aws-java-sdk-datazoneexternal/1.12.625/aws-java-sdk-datazoneexternal-1.12.625.jar:/home/hp/.m2/repository/com/amazonaws/aws-java-sdk-bedrock/1.12.625/aws-java-sdk-bedrock-1.12.625.jar:/home/hp/.m2/repository/com/amazonaws/aws-java-sdk-bedrockruntime/1.12.625/aws-java-sdk-bedrockruntime-1.12.625.jar:/home/hp/.m2/repository/com/amazonaws/aws-java-sdk-neptunedata/1.12.625/aws-java-sdk-neptunedata-1.12.625.jar:/home/hp/.m2/repository/com/amazonaws/aws-java-sdk-pcaconnectorad/1.12.625/aws-java-sdk-pcaconnectorad-1.12.625.jar:/home/hp/.m2/repository/com/amazonaws/aws-java-sdk-managedblockchainquery/1.12.625/aws-java-sdk-managedblockchainquery-1.12.625.jar:/home/hp/.m2/repository/com/amazonaws/aws-java-sdk-entityresolution/1.12.625/aws-java-sdk-entityresolution-1.12.625.jar:/home/hp/.m2/repository/com/amazonaws/aws-java-sdk-medicalimaging/1.12.625/aws-java-sdk-medicalimaging-1.12.625.jar:/home/hp/.m2/repository/com/amazonaws/aws-java-sdk-appfabric/1.12.625/aws-java-sdk-appfabric-1.12.625.jar:/home/hp/.m2/repository/com/amazonaws/aws-java-sdk-verifiedpermissions/1.12.625/aws-java-sdk-verifiedpermissions-1.12.625.jar:/home/hp/.m2/repository/com/amazonaws/aws-java-sdk-codegurusecurity/1.12.625/aws-java-sdk-codegurusecurity-1.12.625.jar:/home/hp/.m2/repository/com/amazonaws/aws-java-sdk-paymentcryptography/1.12.625/aws-java-sdk-paymentcryptography-1.12.625.jar:/home/hp/.m2/repository/com/amazonaws/aws-java-sdk-paymentcryptographydata/1.12.625/aws-java-sdk-paymentcryptographydata-1.12.625.jar:/home/hp/.m2/repository/com/amazonaws/aws-java-sdk-mediapackagev2/1.12.625/aws-java-sdk-mediapackagev2-1.12.625.jar:/home/hp/.m2/repository/com/amazonaws/aws-java-sdk-osis/1.12.625/aws-java-sdk-osis-1.12.625.jar:/home/hp/.m2/repository/com/amazonaws/aws-java-sdk-vpclattice/1.12.625/aws-java-sdk-vpclattice-1.12.625.jar:/home/hp/.m2/repository/com/amazonaws/aws-java-sdk-ivsrealtime/1.12.625/aws-java-sdk-ivsrealtime-1.12.625.jar:/home/hp/.m2/repository/com/amazonaws/aws-java-sdk-internetmonitor/1.12.625/aws-java-sdk-internetmonitor-1.12.625.jar:/home/hp/.m2/repository/com/amazonaws/aws-java-sdk-tnb/1.12.625/aws-java-sdk-tnb-1.12.625.jar:/home/hp/.m2/repository/com/amazonaws/aws-java-sdk-cloudtraildata/1.12.625/aws-java-sdk-cloudtraildata-1.12.625.jar:/home/hp/.m2/repository/com/amazonaws/aws-java-sdk-cleanrooms/1.12.625/aws-java-sdk-cleanrooms-1.12.625.jar:/home/hp/.m2/repository/com/amazonaws/aws-java-sdk-kendraranking/1.12.625/aws-java-sdk-kendraranking-1.12.625.jar:/home/hp/.m2/repository/com/amazonaws/aws-java-sdk-licensemanagerlinuxsubscriptions/1.12.625/aws-java-sdk-licensemanagerlinuxsubscriptions-1.12.625.jar:/home/hp/.m2/repository/com/amazonaws/aws-java-sdk-kinesisvideowebrtcstorage/1.12.625/aws-java-sdk-kinesisvideowebrtcstorage-1.12.625.jar:/home/hp/.m2/repository/com/amazonaws/aws-java-sdk-sagemakermetrics/1.12.625/aws-java-sdk-sagemakermetrics-1.12.625.jar:/home/hp/.m2/repository/com/amazonaws/aws-java-sdk-pipes/1.12.625/aws-java-sdk-pipes-1.12.625.jar:/home/hp/.m2/repository/com/amazonaws/aws-java-sdk-sagemakergeospatial/1.12.625/aws-java-sdk-sagemakergeospatial-1.12.625.jar:/home/hp/.m2/repository/com/amazonaws/aws-java-sdk-docdbelastic/1.12.625/aws-java-sdk-docdbelastic-1.12.625.jar:/home/hp/.m2/repository/com/amazonaws/aws-java-sdk-omics/1.12.625/aws-java-sdk-omics-1.12.625.jar:/home/hp/.m2/repository/com/amazonaws/aws-java-sdk-opensearchserverless/1.12.625/aws-java-sdk-opensearchserverless-1.12.625.jar:/home/hp/.m2/repository/com/amazonaws/aws-java-sdk-securitylake/1.12.625/aws-java-sdk-securitylake-1.12.625.jar:/home/hp/.m2/repository/com/amazonaws/aws-java-sdk-simspaceweaver/1.12.625/aws-java-sdk-simspaceweaver-1.12.625.jar:/home/hp/.m2/repository/com/amazonaws/aws-java-sdk-arczonalshift/1.12.625/aws-java-sdk-arczonalshift-1.12.625.jar:/home/hp/.m2/repository/com/amazonaws/aws-java-sdk-oam/1.12.625/aws-java-sdk-oam-1.12.625.jar:/home/hp/.m2/repository/com/amazonaws/aws-java-sdk-iotroborunner/1.12.625/aws-java-sdk-iotroborunner-1.12.625.jar:/home/hp/.m2/repository/com/amazonaws/aws-java-sdk-chimesdkvoice/1.12.625/aws-java-sdk-chimesdkvoice-1.12.625.jar:/home/hp/.m2/repository/com/amazonaws/aws-java-sdk-ssmsap/1.12.625/aws-java-sdk-ssmsap-1.12.625.jar:/home/hp/.m2/repository/com/amazonaws/aws-java-sdk-scheduler/1.12.625/aws-java-sdk-scheduler-1.12.625.jar:/home/hp/.m2/repository/com/amazonaws/aws-java-sdk-resourceexplorer2/1.12.625/aws-java-sdk-resourceexplorer2-1.12.625.jar:/home/hp/.m2/repository/com/amazonaws/aws-java-sdk-connectcases/1.12.625/aws-java-sdk-connectcases-1.12.625.jar:/home/hp/.m2/repository/com/amazonaws/aws-java-sdk-migrationhuborchestrator/1.12.625/aws-java-sdk-migrationhuborchestrator-1.12.625.jar:/home/hp/.m2/repository/com/amazonaws/aws-java-sdk-iotfleetwise/1.12.625/aws-java-sdk-iotfleetwise-1.12.625.jar:/home/hp/.m2/repository/com/amazonaws/aws-java-sdk-controltower/1.12.625/aws-java-sdk-controltower-1.12.625.jar:/home/hp/.m2/repository/com/amazonaws/aws-java-sdk-supportapp/1.12.625/aws-java-sdk-supportapp-1.12.625.jar:/home/hp/.m2/repository/com/amazonaws/aws-java-sdk-private5g/1.12.625/aws-java-sdk-private5g-1.12.625.jar:/home/hp/.m2/repository/com/amazonaws/aws-java-sdk-backupstorage/1.12.625/aws-java-sdk-backupstorage-1.12.625.jar:/home/hp/.m2/repository/com/amazonaws/aws-java-sdk-licensemanagerusersubscriptions/1.12.625/aws-java-sdk-licensemanagerusersubscriptions-1.12.625.jar:/home/hp/.m2/repository/com/amazonaws/aws-java-sdk-iamrolesanywhere/1.12.625/aws-java-sdk-iamrolesanywhere-1.12.625.jar:/home/hp/.m2/repository/com/amazonaws/aws-java-sdk-redshiftserverless/1.12.625/aws-java-sdk-redshiftserverless-1.12.625.jar:/home/hp/.m2/repository/com/amazonaws/aws-java-sdk-connectcampaign/1.12.625/aws-java-sdk-connectcampaign-1.12.625.jar:/home/hp/.m2/repository/com/amazonaws/aws-java-sdk-mainframemodernization/1.12.625/aws-java-sdk-mainframemodernization-1.12.625.jar:/home/hp/.m2/repository/com/amazonaws/aws-java-sdk-emrserverless/1.12.625/aws-java-sdk-emrserverless-1.12.625.jar:/home/hp/.m2/repository/com/amazonaws/aws-java-sdk-chimesdkmediapipelines/1.12.625/aws-java-sdk-chimesdkmediapipelines-1.12.625.jar:/home/hp/.m2/repository/com/amazonaws/aws-java-sdk-ivschat/1.12.625/aws-java-sdk-ivschat-1.12.625.jar:/home/hp/.m2/repository/com/amazonaws/aws-java-sdk-pinpointsmsvoicev2/1.12.625/aws-java-sdk-pinpointsmsvoicev2-1.12.625.jar:/home/hp/.m2/repository/com/amazonaws/aws-java-sdk-billingconductor/1.12.625/aws-java-sdk-billingconductor-1.12.625.jar:/home/hp/.m2/repository/com/amazonaws/aws-java-sdk-keyspaces/1.12.625/aws-java-sdk-keyspaces-1.12.625.jar:/home/hp/.m2/repository/com/amazonaws/aws-java-sdk-amplifyuibuilder/1.12.625/aws-java-sdk-amplifyuibuilder-1.12.625.jar:/home/hp/.m2/repository/com/amazonaws/aws-java-sdk-backupgateway/1.12.625/aws-java-sdk-backupgateway-1.12.625.jar:/home/hp/.m2/repository/com/amazonaws/aws-java-sdk-workspacesweb/1.12.625/aws-java-sdk-workspacesweb-1.12.625.jar:/home/hp/.m2/repository/com/amazonaws/aws-java-sdk-iottwinmaker/1.12.625/aws-java-sdk-iottwinmaker-1.12.625.jar:/home/hp/.m2/repository/com/amazonaws/aws-java-sdk-recyclebin/1.12.625/aws-java-sdk-recyclebin-1.12.625.jar:/home/hp/.m2/repository/com/amazonaws/aws-java-sdk-cloudwatchrum/1.12.625/aws-java-sdk-cloudwatchrum-1.12.625.jar:/home/hp/.m2/repository/com/amazonaws/aws-java-sdk-cloudwatchevidently/1.12.625/aws-java-sdk-cloudwatchevidently-1.12.625.jar:/home/hp/.m2/repository/com/amazonaws/aws-java-sdk-inspector2/1.12.625/aws-java-sdk-inspector2-1.12.625.jar:/home/hp/.m2/repository/com/amazonaws/aws-java-sdk-migrationhubrefactorspaces/1.12.625/aws-java-sdk-migrationhubrefactorspaces-1.12.625.jar:/home/hp/.m2/repository/com/amazonaws/aws-java-sdk-appconfigdata/1.12.625/aws-java-sdk-appconfigdata-1.12.625.jar:/home/hp/.m2/repository/com/amazonaws/aws-java-sdk-drs/1.12.625/aws-java-sdk-drs-1.12.625.jar:/home/hp/.m2/repository/com/amazonaws/aws-java-sdk-migrationhubstrategyrecommendations/1.12.625/aws-java-sdk-migrationhubstrategyrecommendations-1.12.625.jar:/home/hp/.m2/repository/com/amazonaws/aws-java-sdk-resiliencehub/1.12.625/aws-java-sdk-resiliencehub-1.12.625.jar:/home/hp/.m2/repository/com/amazonaws/aws-java-sdk-chimesdkmeetings/1.12.625/aws-java-sdk-chimesdkmeetings-1.12.625.jar:/home/hp/.m2/repository/com/amazonaws/aws-java-sdk-panorama/1.12.625/aws-java-sdk-panorama-1.12.625.jar:/home/hp/.m2/repository/com/amazonaws/aws-java-sdk-managedgrafana/1.12.625/aws-java-sdk-managedgrafana-1.12.625.jar:/home/hp/.m2/repository/com/amazonaws/aws-java-sdk-cloudcontrolapi/1.12.625/aws-java-sdk-cloudcontrolapi-1.12.625.jar:/home/hp/.m2/repository/com/amazonaws/aws-java-sdk-account/1.12.625/aws-java-sdk-account-1.12.625.jar:/home/hp/.m2/repository/com/amazonaws/aws-java-sdk-voiceid/1.12.625/aws-java-sdk-voiceid-1.12.625.jar:/home/hp/.m2/repository/com/amazonaws/aws-java-sdk-connectwisdom/1.12.625/aws-java-sdk-connectwisdom-1.12.625.jar:/home/hp/.m2/repository/com/amazonaws/aws-java-sdk-kafkaconnect/1.12.625/aws-java-sdk-kafkaconnect-1.12.625.jar:/home/hp/.m2/repository/com/amazonaws/aws-java-sdk-opensearch/1.12.625/aws-java-sdk-opensearch-1.12.625.jar:/home/hp/.m2/repository/com/amazonaws/aws-java-sdk-memorydb/1.12.625/aws-java-sdk-memorydb-1.12.625.jar:/home/hp/.m2/repository/com/amazonaws/aws-java-sdk-snowdevicemanagement/1.12.625/aws-java-sdk-snowdevicemanagement-1.12.625.jar:/home/hp/.m2/repository/com/amazonaws/aws-java-sdk-chimesdkidentity/1.12.625/aws-java-sdk-chimesdkidentity-1.12.625.jar:/home/hp/.m2/repository/com/amazonaws/aws-java-sdk-chimesdkmessaging/1.12.625/aws-java-sdk-chimesdkmessaging-1.12.625.jar:/home/hp/.m2/repository/com/amazonaws/aws-java-sdk-route53recoverycluster/1.12.625/aws-java-sdk-route53recoverycluster-1.12.625.jar:/home/hp/.m2/repository/com/amazonaws/aws-java-sdk-route53recoverycontrolconfig/1.12.625/aws-java-sdk-route53recoverycontrolconfig-1.12.625.jar:/home/hp/.m2/repository/com/amazonaws/aws-java-sdk-route53recoveryreadiness/1.12.625/aws-java-sdk-route53recoveryreadiness-1.12.625.jar:/home/hp/.m2/repository/com/amazonaws/aws-java-sdk-proton/1.12.625/aws-java-sdk-proton-1.12.625.jar:/home/hp/.m2/repository/com/amazonaws/aws-java-sdk-apprunner/1.12.625/aws-java-sdk-apprunner-1.12.625.jar:/home/hp/.m2/repository/com/amazonaws/aws-java-sdk-applicationcostprofiler/1.12.625/aws-java-sdk-applicationcostprofiler-1.12.625.jar:/home/hp/.m2/repository/com/amazonaws/aws-java-sdk-ssmcontacts/1.12.625/aws-java-sdk-ssmcontacts-1.12.625.jar:/home/hp/.m2/repository/com/amazonaws/aws-java-sdk-ssmincidents/1.12.625/aws-java-sdk-ssmincidents-1.12.625.jar:/home/hp/.m2/repository/com/amazonaws/aws-java-sdk-finspacedata/1.12.625/aws-java-sdk-finspacedata-1.12.625.jar:/home/hp/.m2/repository/com/amazonaws/aws-java-sdk-finspace/1.12.625/aws-java-sdk-finspace-1.12.625.jar:/home/hp/.m2/repository/com/amazonaws/aws-java-sdk-nimblestudio/1.12.625/aws-java-sdk-nimblestudio-1.12.625.jar:/home/hp/.m2/repository/com/amazonaws/aws-java-sdk-lookoutequipment/1.12.625/aws-java-sdk-lookoutequipment-1.12.625.jar:/home/hp/.m2/repository/com/amazonaws/aws-java-sdk-mgn/1.12.625/aws-java-sdk-mgn-1.12.625.jar:/home/hp/.m2/repository/com/amazonaws/aws-java-sdk-lookoutmetrics/1.12.625/aws-java-sdk-lookoutmetrics-1.12.625.jar:/home/hp/.m2/repository/com/amazonaws/aws-java-sdk-fis/1.12.625/aws-java-sdk-fis-1.12.625.jar:/home/hp/.m2/repository/com/amazonaws/aws-java-sdk-lexmodelsv2/1.12.625/aws-java-sdk-lexmodelsv2-1.12.625.jar:/home/hp/.m2/repository/com/amazonaws/aws-java-sdk-lexruntimev2/1.12.625/aws-java-sdk-lexruntimev2-1.12.625.jar:/home/hp/.m2/repository/com/amazonaws/aws-java-sdk-wellarchitected/1.12.625/aws-java-sdk-wellarchitected-1.12.625.jar:/home/hp/.m2/repository/com/amazonaws/aws-java-sdk-location/1.12.625/aws-java-sdk-location-1.12.625.jar:/home/hp/.m2/repository/com/amazonaws/aws-java-sdk-iotdeviceadvisor/1.12.625/aws-java-sdk-iotdeviceadvisor-1.12.625.jar:/home/hp/.m2/repository/com/amazonaws/aws-java-sdk-iotfleethub/1.12.625/aws-java-sdk-iotfleethub-1.12.625.jar:/home/hp/.m2/repository/com/amazonaws/aws-java-sdk-iotwireless/1.12.625/aws-java-sdk-iotwireless-1.12.625.jar:/home/hp/.m2/repository/com/amazonaws/aws-java-sdk-greengrassv2/1.12.625/aws-java-sdk-greengrassv2-1.12.625.jar:/home/hp/.m2/repository/com/amazonaws/aws-java-sdk-prometheus/1.12.625/aws-java-sdk-prometheus-1.12.625.jar:/home/hp/.m2/repository/com/amazonaws/aws-java-sdk-auditmanager/1.12.625/aws-java-sdk-auditmanager-1.12.625.jar:/home/hp/.m2/repository/com/amazonaws/aws-java-sdk-healthlake/1.12.625/aws-java-sdk-healthlake-1.12.625.jar:/home/hp/.m2/repository/com/amazonaws/aws-java-sdk-sagemakeredgemanager/1.12.625/aws-java-sdk-sagemakeredgemanager-1.12.625.jar:/home/hp/.m2/repository/com/amazonaws/aws-java-sdk-emrcontainers/1.12.625/aws-java-sdk-emrcontainers-1.12.625.jar:/home/hp/.m2/repository/com/amazonaws/aws-java-sdk-customerprofiles/1.12.625/aws-java-sdk-customerprofiles-1.12.625.jar:/home/hp/.m2/repository/com/amazonaws/aws-java-sdk-lookoutforvision/1.12.625/aws-java-sdk-lookoutforvision-1.12.625.jar:/home/hp/.m2/repository/com/amazonaws/aws-java-sdk-connectcontactlens/1.12.625/aws-java-sdk-connectcontactlens-1.12.625.jar:/home/hp/.m2/repository/com/amazonaws/aws-java-sdk-amplifybackend/1.12.625/aws-java-sdk-amplifybackend-1.12.625.jar:/home/hp/.m2/repository/com/amazonaws/aws-java-sdk-ecrpublic/1.12.625/aws-java-sdk-ecrpublic-1.12.625.jar:/home/hp/.m2/repository/com/amazonaws/aws-java-sdk-appintegrations/1.12.625/aws-java-sdk-appintegrations-1.12.625.jar:/home/hp/.m2/repository/com/amazonaws/aws-java-sdk-sagemakerfeaturestoreruntime/1.12.625/aws-java-sdk-sagemakerfeaturestoreruntime-1.12.625.jar:/home/hp/.m2/repository/com/amazonaws/aws-java-sdk-devopsguru/1.12.625/aws-java-sdk-devopsguru-1.12.625.jar:/home/hp/.m2/repository/com/amazonaws/aws-java-sdk-mwaa/1.12.625/aws-java-sdk-mwaa-1.12.625.jar:/home/hp/.m2/repository/com/amazonaws/aws-java-sdk-networkfirewall/1.12.625/aws-java-sdk-networkfirewall-1.12.625.jar:/home/hp/.m2/repository/com/amazonaws/aws-java-sdk-appregistry/1.12.625/aws-java-sdk-appregistry-1.12.625.jar:/home/hp/.m2/repository/com/amazonaws/aws-java-sdk-gluedatabrew/1.12.625/aws-java-sdk-gluedatabrew-1.12.625.jar:/home/hp/.m2/repository/com/amazonaws/aws-java-sdk-s3outposts/1.12.625/aws-java-sdk-s3outposts-1.12.625.jar:/home/hp/.m2/repository/com/amazonaws/aws-java-sdk-timestreamquery/1.12.625/aws-java-sdk-timestreamquery-1.12.625.jar:/home/hp/.m2/repository/com/amazonaws/aws-java-sdk-timestreamwrite/1.12.625/aws-java-sdk-timestreamwrite-1.12.625.jar:/home/hp/.m2/repository/com/amazonaws/aws-java-sdk-ssoadmin/1.12.625/aws-java-sdk-ssoadmin-1.12.625.jar:/home/hp/.m2/repository/com/amazonaws/aws-java-sdk-redshiftdataapi/1.12.625/aws-java-sdk-redshiftdataapi-1.12.625.jar:/home/hp/.m2/repository/com/amazonaws/aws-java-sdk-appflow/1.12.625/aws-java-sdk-appflow-1.12.625.jar:/home/hp/.m2/repository/com/amazonaws/aws-java-sdk-identitystore/1.12.625/aws-java-sdk-identitystore-1.12.625.jar:/home/hp/.m2/repository/com/amazonaws/aws-java-sdk-braket/1.12.625/aws-java-sdk-braket-1.12.625.jar:/home/hp/.m2/repository/com/amazonaws/aws-java-sdk-ivs/1.12.625/aws-java-sdk-ivs-1.12.625.jar:/home/hp/.m2/repository/com/amazonaws/aws-java-sdk-honeycode/1.12.625/aws-java-sdk-honeycode-1.12.625.jar:/home/hp/.m2/repository/com/amazonaws/aws-java-sdk-codeartifact/1.12.625/aws-java-sdk-codeartifact-1.12.625.jar:/home/hp/.m2/repository/com/amazonaws/aws-java-sdk-macie2/1.12.625/aws-java-sdk-macie2-1.12.625.jar:/home/hp/.m2/repository/com/amazonaws/aws-java-sdk-iotsitewise/1.12.625/aws-java-sdk-iotsitewise-1.12.625.jar:/home/hp/.m2/repository/com/amazonaws/aws-java-sdk-synthetics/1.12.625/aws-java-sdk-synthetics-1.12.625.jar:/home/hp/.m2/repository/com/amazonaws/aws-java-sdk-codestarconnections/1.12.625/aws-java-sdk-codestarconnections-1.12.625.jar:/home/hp/.m2/repository/com/amazonaws/aws-java-sdk-detective/1.12.625/aws-java-sdk-detective-1.12.625.jar:/home/hp/.m2/repository/com/amazonaws/aws-java-sdk-kinesisvideosignalingchannels/1.12.625/aws-java-sdk-kinesisvideosignalingchannels-1.12.625.jar:/home/hp/.m2/repository/com/amazonaws/aws-java-sdk-ebs/1.12.625/aws-java-sdk-ebs-1.12.625.jar:/home/hp/.m2/repository/com/amazonaws/aws-java-sdk-augmentedairuntime/1.12.625/aws-java-sdk-augmentedairuntime-1.12.625.jar:/home/hp/.m2/repository/com/amazonaws/aws-java-sdk-outposts/1.12.625/aws-java-sdk-outposts-1.12.625.jar:/home/hp/.m2/repository/com/amazonaws/aws-java-sdk-codeguruprofiler/1.12.625/aws-java-sdk-codeguruprofiler-1.12.625.jar:/home/hp/.m2/repository/com/amazonaws/aws-java-sdk-codegurureviewer/1.12.625/aws-java-sdk-codegurureviewer-1.12.625.jar:/home/hp/.m2/repository/com/amazonaws/aws-java-sdk-frauddetector/1.12.625/aws-java-sdk-frauddetector-1.12.625.jar:/home/hp/.m2/repository/com/amazonaws/aws-java-sdk-kendra/1.12.625/aws-java-sdk-kendra-1.12.625.jar:/home/hp/.m2/repository/com/amazonaws/aws-java-sdk-networkmanager/1.12.625/aws-java-sdk-networkmanager-1.12.625.jar:/home/hp/.m2/repository/com/amazonaws/aws-java-sdk-computeoptimizer/1.12.625/aws-java-sdk-computeoptimizer-1.12.625.jar:/home/hp/.m2/repository/com/amazonaws/aws-java-sdk-accessanalyzer/1.12.625/aws-java-sdk-accessanalyzer-1.12.625.jar:/home/hp/.m2/repository/com/amazonaws/aws-java-sdk-schemas/1.12.625/aws-java-sdk-schemas-1.12.625.jar:/home/hp/.m2/repository/com/amazonaws/aws-java-sdk-imagebuilder/1.12.625/aws-java-sdk-imagebuilder-1.12.625.jar:/home/hp/.m2/repository/com/amazonaws/aws-java-sdk-elasticinference/1.12.625/aws-java-sdk-elasticinference-1.12.625.jar:/home/hp/.m2/repository/com/amazonaws/aws-java-sdk-iotsecuretunneling/1.12.625/aws-java-sdk-iotsecuretunneling-1.12.625.jar:/home/hp/.m2/repository/com/amazonaws/aws-java-sdk-appconfig/1.12.625/aws-java-sdk-appconfig-1.12.625.jar:/home/hp/.m2/repository/com/amazonaws/aws-java-sdk-wafv2/1.12.625/aws-java-sdk-wafv2-1.12.625.jar:/home/hp/.m2/repository/com/amazonaws/aws-java-sdk-connectparticipant/1.12.625/aws-java-sdk-connectparticipant-1.12.625.jar:/home/hp/.m2/repository/com/amazonaws/aws-java-sdk-migrationhubconfig/1.12.625/aws-java-sdk-migrationhubconfig-1.12.625.jar:/home/hp/.m2/repository/com/amazonaws/aws-java-sdk-dataexchange/1.12.625/aws-java-sdk-dataexchange-1.12.625.jar:/home/hp/.m2/repository/com/amazonaws/aws-java-sdk-sesv2/1.12.625/aws-java-sdk-sesv2-1.12.625.jar:/home/hp/.m2/repository/com/amazonaws/aws-java-sdk-marketplacecatalog/1.12.625/aws-java-sdk-marketplacecatalog-1.12.625.jar:/home/hp/.m2/repository/com/amazonaws/aws-java-sdk-ssooidc/1.12.625/aws-java-sdk-ssooidc-1.12.625.jar:/home/hp/.m2/repository/com/amazonaws/aws-java-sdk-sso/1.12.625/aws-java-sdk-sso-1.12.625.jar:/home/hp/.m2/repository/com/amazonaws/aws-java-sdk-savingsplans/1.12.625/aws-java-sdk-savingsplans-1.12.625.jar:/home/hp/.m2/repository/com/amazonaws/aws-java-sdk-codestarnotifications/1.12.625/aws-java-sdk-codestarnotifications-1.12.625.jar:/home/hp/.m2/repository/com/amazonaws/aws-java-sdk-workmailmessageflow/1.12.625/aws-java-sdk-workmailmessageflow-1.12.625.jar:/home/hp/.m2/repository/com/amazonaws/aws-java-sdk-qldbsession/1.12.625/aws-java-sdk-qldbsession-1.12.625.jar:/home/hp/.m2/repository/com/amazonaws/aws-java-sdk-qldb/1.12.625/aws-java-sdk-qldb-1.12.625.jar:/home/hp/.m2/repository/com/amazonaws/aws-java-sdk-forecastquery/1.12.625/aws-java-sdk-forecastquery-1.12.625.jar:/home/hp/.m2/repository/com/amazonaws/aws-java-sdk-forecast/1.12.625/aws-java-sdk-forecast-1.12.625.jar:/home/hp/.m2/repository/com/amazonaws/aws-java-sdk-lakeformation/1.12.625/aws-java-sdk-lakeformation-1.12.625.jar:/home/hp/.m2/repository/com/amazonaws/aws-java-sdk-eventbridge/1.12.625/aws-java-sdk-eventbridge-1.12.625.jar:/home/hp/.m2/repository/com/amazonaws/aws-java-sdk-ec2instanceconnect/1.12.625/aws-java-sdk-ec2instanceconnect-1.12.625.jar:/home/hp/.m2/repository/com/amazonaws/aws-java-sdk-applicationinsights/1.12.625/aws-java-sdk-applicationinsights-1.12.625.jar:/home/hp/.m2/repository/com/amazonaws/aws-java-sdk-servicequotas/1.12.625/aws-java-sdk-servicequotas-1.12.625.jar:/home/hp/.m2/repository/com/amazonaws/aws-java-sdk-personalizeevents/1.12.625/aws-java-sdk-personalizeevents-1.12.625.jar:/home/hp/.m2/repository/com/amazonaws/aws-java-sdk-personalize/1.12.625/aws-java-sdk-personalize-1.12.625.jar:/home/hp/.m2/repository/com/amazonaws/aws-java-sdk-personalizeruntime/1.12.625/aws-java-sdk-personalizeruntime-1.12.625.jar:/home/hp/.m2/repository/com/amazonaws/aws-java-sdk-ioteventsdata/1.12.625/aws-java-sdk-ioteventsdata-1.12.625.jar:/home/hp/.m2/repository/com/amazonaws/aws-java-sdk-iotevents/1.12.625/aws-java-sdk-iotevents-1.12.625.jar:/home/hp/.m2/repository/com/amazonaws/aws-java-sdk-iotthingsgraph/1.12.625/aws-java-sdk-iotthingsgraph-1.12.625.jar:/home/hp/.m2/repository/com/amazonaws/aws-java-sdk-groundstation/1.12.625/aws-java-sdk-groundstation-1.12.625.jar:/home/hp/.m2/repository/com/amazonaws/aws-java-sdk-mediapackagevod/1.12.625/aws-java-sdk-mediapackagevod-1.12.625.jar:/home/hp/.m2/repository/com/amazonaws/aws-java-sdk-managedblockchain/1.12.625/aws-java-sdk-managedblockchain-1.12.625.jar:/home/hp/.m2/repository/com/amazonaws/aws-java-sdk-textract/1.12.625/aws-java-sdk-textract-1.12.625.jar:/home/hp/.m2/repository/com/amazonaws/aws-java-sdk-worklink/1.12.625/aws-java-sdk-worklink-1.12.625.jar:/home/hp/.m2/repository/com/amazonaws/aws-java-sdk-backup/1.12.625/aws-java-sdk-backup-1.12.625.jar:/home/hp/.m2/repository/com/amazonaws/aws-java-sdk-docdb/1.12.625/aws-java-sdk-docdb-1.12.625.jar:/home/hp/.m2/repository/com/amazonaws/aws-java-sdk-apigatewayv2/1.12.625/aws-java-sdk-apigatewayv2-1.12.625.jar:/home/hp/.m2/repository/com/amazonaws/aws-java-sdk-apigatewaymanagementapi/1.12.625/aws-java-sdk-apigatewaymanagementapi-1.12.625.jar:/home/hp/.m2/repository/com/amazonaws/aws-java-sdk-kafka/1.12.625/aws-java-sdk-kafka-1.12.625.jar:/home/hp/.m2/repository/com/amazonaws/aws-java-sdk-appmesh/1.12.625/aws-java-sdk-appmesh-1.12.625.jar:/home/hp/.m2/repository/com/amazonaws/aws-java-sdk-licensemanager/1.12.625/aws-java-sdk-licensemanager-1.12.625.jar:/home/hp/.m2/repository/com/amazonaws/aws-java-sdk-securityhub/1.12.625/aws-java-sdk-securityhub-1.12.625.jar:/home/hp/.m2/repository/com/amazonaws/aws-java-sdk-fsx/1.12.625/aws-java-sdk-fsx-1.12.625.jar:/home/hp/.m2/repository/com/amazonaws/aws-java-sdk-mediaconnect/1.12.625/aws-java-sdk-mediaconnect-1.12.625.jar:/home/hp/.m2/repository/com/amazonaws/aws-java-sdk-kinesisanalyticsv2/1.12.625/aws-java-sdk-kinesisanalyticsv2-1.12.625.jar:/home/hp/.m2/repository/com/amazonaws/aws-java-sdk-comprehendmedical/1.12.625/aws-java-sdk-comprehendmedical-1.12.625.jar:/home/hp/.m2/repository/com/amazonaws/aws-java-sdk-globalaccelerator/1.12.625/aws-java-sdk-globalaccelerator-1.12.625.jar:/home/hp/.m2/repository/com/amazonaws/aws-java-sdk-transfer/1.12.625/aws-java-sdk-transfer-1.12.625.jar:/home/hp/.m2/repository/com/amazonaws/aws-java-sdk-datasync/1.12.625/aws-java-sdk-datasync-1.12.625.jar:/home/hp/.m2/repository/com/amazonaws/aws-java-sdk-robomaker/1.12.625/aws-java-sdk-robomaker-1.12.625.jar:/home/hp/.m2/repository/com/amazonaws/aws-java-sdk-amplify/1.12.625/aws-java-sdk-amplify-1.12.625.jar:/home/hp/.m2/repository/com/amazonaws/aws-java-sdk-quicksight/1.12.625/aws-java-sdk-quicksight-1.12.625.jar:/home/hp/.m2/repository/com/amazonaws/aws-java-sdk-rdsdata/1.12.625/aws-java-sdk-rdsdata-1.12.625.jar:/home/hp/.m2/repository/com/amazonaws/aws-java-sdk-route53resolver/1.12.625/aws-java-sdk-route53resolver-1.12.625.jar:/home/hp/.m2/repository/com/amazonaws/aws-java-sdk-ram/1.12.625/aws-java-sdk-ram-1.12.625.jar:/home/hp/.m2/repository/com/amazonaws/aws-java-sdk-s3control/1.12.625/aws-java-sdk-s3control-1.12.625.jar:/home/hp/.m2/repository/com/amazonaws/aws-java-sdk-pinpointsmsvoice/1.12.625/aws-java-sdk-pinpointsmsvoice-1.12.625.jar:/home/hp/.m2/repository/com/amazonaws/aws-java-sdk-pinpointemail/1.12.625/aws-java-sdk-pinpointemail-1.12.625.jar:/home/hp/.m2/repository/com/amazonaws/aws-java-sdk-chime/1.12.625/aws-java-sdk-chime-1.12.625.jar:/home/hp/.m2/repository/com/amazonaws/aws-java-sdk-signer/1.12.625/aws-java-sdk-signer-1.12.625.jar:/home/hp/.m2/repository/com/amazonaws/aws-java-sdk-dlm/1.12.625/aws-java-sdk-dlm-1.12.625.jar:/home/hp/.m2/repository/com/amazonaws/aws-java-sdk-eks/1.12.625/aws-java-sdk-eks-1.12.625.jar:/home/hp/.m2/repository/com/amazonaws/aws-java-sdk-mediatailor/1.12.625/aws-java-sdk-mediatailor-1.12.625.jar:/home/hp/.m2/repository/com/amazonaws/aws-java-sdk-neptune/1.12.625/aws-java-sdk-neptune-1.12.625.jar:/home/hp/.m2/repository/com/amazonaws/aws-java-sdk-pi/1.12.625/aws-java-sdk-pi-1.12.625.jar:/home/hp/.m2/repository/com/amazonaws/aws-java-sdk-iot1clickprojects/1.12.625/aws-java-sdk-iot1clickprojects-1.12.625.jar:/home/hp/.m2/repository/com/amazonaws/aws-java-sdk-iot1clickdevices/1.12.625/aws-java-sdk-iot1clickdevices-1.12.625.jar:/home/hp/.m2/repository/com/amazonaws/aws-java-sdk-iotanalytics/1.12.625/aws-java-sdk-iotanalytics-1.12.625.jar:/home/hp/.m2/repository/com/amazonaws/aws-java-sdk-acmpca/1.12.625/aws-java-sdk-acmpca-1.12.625.jar:/home/hp/.m2/repository/com/amazonaws/aws-java-sdk-secretsmanager/1.12.625/aws-java-sdk-secretsmanager-1.12.625.jar:/home/hp/.m2/repository/com/amazonaws/aws-java-sdk-fms/1.12.625/aws-java-sdk-fms-1.12.625.jar:/home/hp/.m2/repository/com/amazonaws/aws-java-sdk-connect/1.12.625/aws-java-sdk-connect-1.12.625.jar:/home/hp/.m2/repository/com/amazonaws/aws-java-sdk-transcribe/1.12.625/aws-java-sdk-transcribe-1.12.625.jar:/home/hp/.m2/repository/com/amazonaws/aws-java-sdk-autoscalingplans/1.12.625/aws-java-sdk-autoscalingplans-1.12.625.jar:/home/hp/.m2/repository/com/amazonaws/aws-java-sdk-workmail/1.12.625/aws-java-sdk-workmail-1.12.625.jar:/home/hp/.m2/repository/com/amazonaws/aws-java-sdk-servicediscovery/1.12.625/aws-java-sdk-servicediscovery-1.12.625.jar:/home/hp/.m2/repository/com/amazonaws/aws-java-sdk-cloud9/1.12.625/aws-java-sdk-cloud9-1.12.625.jar:/home/hp/.m2/repository/com/amazonaws/aws-java-sdk-serverlessapplicationrepository/1.12.625/aws-java-sdk-serverlessapplicationrepository-1.12.625.jar:/home/hp/.m2/repository/com/amazonaws/aws-java-sdk-alexaforbusiness/1.12.625/aws-java-sdk-alexaforbusiness-1.12.625.jar:/home/hp/.m2/repository/com/amazonaws/aws-java-sdk-resourcegroups/1.12.625/aws-java-sdk-resourcegroups-1.12.625.jar:/home/hp/.m2/repository/com/amazonaws/aws-java-sdk-comprehend/1.12.625/aws-java-sdk-comprehend-1.12.625.jar:/home/hp/.m2/repository/com/amazonaws/aws-java-sdk-translate/1.12.625/aws-java-sdk-translate-1.12.625.jar:/home/hp/.m2/repository/com/amazonaws/aws-java-sdk-sagemaker/1.12.625/aws-java-sdk-sagemaker-1.12.625.jar:/home/hp/.m2/repository/com/amazonaws/aws-java-sdk-iotjobsdataplane/1.12.625/aws-java-sdk-iotjobsdataplane-1.12.625.jar:/home/hp/.m2/repository/com/amazonaws/aws-java-sdk-sagemakerruntime/1.12.625/aws-java-sdk-sagemakerruntime-1.12.625.jar:/home/hp/.m2/repository/com/amazonaws/aws-java-sdk-kinesisvideo/1.12.625/aws-java-sdk-kinesisvideo-1.12.625.jar:/home/hp/.m2/repository/com/amazonaws/aws-java-sdk-appsync/1.12.625/aws-java-sdk-appsync-1.12.625.jar:/home/hp/.m2/repository/com/amazonaws/aws-java-sdk-guardduty/1.12.625/aws-java-sdk-guardduty-1.12.625.jar:/home/hp/.m2/repository/com/amazonaws/aws-java-sdk-mq/1.12.625/aws-java-sdk-mq-1.12.625.jar:/home/hp/.m2/repository/com/amazonaws/aws-java-sdk-mediaconvert/1.12.625/aws-java-sdk-mediaconvert-1.12.625.jar:/home/hp/.m2/repository/com/amazonaws/aws-java-sdk-mediastore/1.12.625/aws-java-sdk-mediastore-1.12.625.jar:/home/hp/.m2/repository/com/amazonaws/aws-java-sdk-mediastoredata/1.12.625/aws-java-sdk-mediastoredata-1.12.625.jar:/home/hp/.m2/repository/com/amazonaws/aws-java-sdk-medialive/1.12.625/aws-java-sdk-medialive-1.12.625.jar:/home/hp/.m2/repository/com/amazonaws/aws-java-sdk-mediapackage/1.12.625/aws-java-sdk-mediapackage-1.12.625.jar:/home/hp/.m2/repository/com/amazonaws/aws-java-sdk-costexplorer/1.12.625/aws-java-sdk-costexplorer-1.12.625.jar:/home/hp/.m2/repository/com/amazonaws/aws-java-sdk-pricing/1.12.625/aws-java-sdk-pricing-1.12.625.jar:/home/hp/.m2/repository/com/amazonaws/aws-java-sdk-mobile/1.12.625/aws-java-sdk-mobile-1.12.625.jar:/home/hp/.m2/repository/com/amazonaws/aws-java-sdk-cloudhsmv2/1.12.625/aws-java-sdk-cloudhsmv2-1.12.625.jar:/home/hp/.m2/repository/com/amazonaws/aws-java-sdk-glue/1.12.625/aws-java-sdk-glue-1.12.625.jar:/home/hp/.m2/repository/com/amazonaws/aws-java-sdk-migrationhub/1.12.625/aws-java-sdk-migrationhub-1.12.625.jar:/home/hp/.m2/repository/com/amazonaws/aws-java-sdk-dax/1.12.625/aws-java-sdk-dax-1.12.625.jar:/home/hp/.m2/repository/com/amazonaws/aws-java-sdk-greengrass/1.12.625/aws-java-sdk-greengrass-1.12.625.jar:/home/hp/.m2/repository/com/amazonaws/aws-java-sdk-athena/1.12.625/aws-java-sdk-athena-1.12.625.jar:/home/hp/.m2/repository/com/amazonaws/aws-java-sdk-marketplaceentitlement/1.12.625/aws-java-sdk-marketplaceentitlement-1.12.625.jar:/home/hp/.m2/repository/com/amazonaws/aws-java-sdk-codestar/1.12.625/aws-java-sdk-codestar-1.12.625.jar:/home/hp/.m2/repository/com/amazonaws/aws-java-sdk-lexmodelbuilding/1.12.625/aws-java-sdk-lexmodelbuilding-1.12.625.jar:/home/hp/.m2/repository/com/amazonaws/aws-java-sdk-resourcegroupstaggingapi/1.12.625/aws-java-sdk-resourcegroupstaggingapi-1.12.625.jar:/home/hp/.m2/repository/com/amazonaws/aws-java-sdk-pinpoint/1.12.625/aws-java-sdk-pinpoint-1.12.625.jar:/home/hp/.m2/repository/com/amazonaws/aws-java-sdk-xray/1.12.625/aws-java-sdk-xray-1.12.625.jar:/home/hp/.m2/repository/com/amazonaws/aws-java-sdk-opsworkscm/1.12.625/aws-java-sdk-opsworkscm-1.12.625.jar:/home/hp/.m2/repository/com/amazonaws/aws-java-sdk-support/1.12.625/aws-java-sdk-support-1.12.625.jar:/home/hp/.m2/repository/com/amazonaws/aws-java-sdk-simpledb/1.12.625/aws-java-sdk-simpledb-1.12.625.jar:/home/hp/.m2/repository/com/amazonaws/aws-java-sdk-servicecatalog/1.12.625/aws-java-sdk-servicecatalog-1.12.625.jar:/home/hp/.m2/repository/com/amazonaws/aws-java-sdk-servermigration/1.12.625/aws-java-sdk-servermigration-1.12.625.jar:/home/hp/.m2/repository/com/amazonaws/aws-java-sdk-simpleworkflow/1.12.625/aws-java-sdk-simpleworkflow-1.12.625.jar:/home/hp/.m2/repository/com/amazonaws/aws-java-sdk-storagegateway/1.12.625/aws-java-sdk-storagegateway-1.12.625.jar:/home/hp/.m2/repository/com/amazonaws/aws-java-sdk-route53/1.12.625/aws-java-sdk-route53-1.12.625.jar:/home/hp/.m2/repository/com/amazonaws/aws-java-sdk-s3/1.12.625/aws-java-sdk-s3-1.12.625.jar:/home/hp/.m2/repository/com/amazonaws/aws-java-sdk-importexport/1.12.625/aws-java-sdk-importexport-1.12.625.jar:/home/hp/.m2/repository/com/amazonaws/aws-java-sdk-sts/1.12.625/aws-java-sdk-sts-1.12.625.jar:/home/hp/.m2/repository/com/amazonaws/aws-java-sdk-sqs/1.12.625/aws-java-sdk-sqs-1.12.625.jar:/home/hp/.m2/repository/com/amazonaws/aws-java-sdk-rds/1.12.625/aws-java-sdk-rds-1.12.625.jar:/home/hp/.m2/repository/com/amazonaws/aws-java-sdk-redshift/1.12.625/aws-java-sdk-redshift-1.12.625.jar:/home/hp/.m2/repository/com/amazonaws/aws-java-sdk-elasticbeanstalk/1.12.625/aws-java-sdk-elasticbeanstalk-1.12.625.jar:/home/hp/.m2/repository/com/amazonaws/aws-java-sdk-glacier/1.12.625/aws-java-sdk-glacier-1.12.625.jar:/home/hp/.m2/repository/com/amazonaws/aws-java-sdk-iam/1.12.625/aws-java-sdk-iam-1.12.625.jar:/home/hp/.m2/repository/com/amazonaws/aws-java-sdk-datapipeline/1.12.625/aws-java-sdk-datapipeline-1.12.625.jar:/home/hp/.m2/repository/com/amazonaws/aws-java-sdk-elasticloadbalancing/1.12.625/aws-java-sdk-elasticloadbalancing-1.12.625.jar:/home/hp/.m2/repository/com/amazonaws/aws-java-sdk-elasticloadbalancingv2/1.12.625/aws-java-sdk-elasticloadbalancingv2-1.12.625.jar:/home/hp/.m2/repository/com/amazonaws/aws-java-sdk-emr/1.12.625/aws-java-sdk-emr-1.12.625.jar:/home/hp/.m2/repository/com/amazonaws/aws-java-sdk-elasticache/1.12.625/aws-java-sdk-elasticache-1.12.625.jar:/home/hp/.m2/repository/com/amazonaws/aws-java-sdk-elastictranscoder/1.12.625/aws-java-sdk-elastictranscoder-1.12.625.jar:/home/hp/.m2/repository/com/amazonaws/aws-java-sdk-ec2/1.12.625/aws-java-sdk-ec2-1.12.625.jar:/home/hp/.m2/repository/com/amazonaws/aws-java-sdk-dynamodb/1.12.625/aws-java-sdk-dynamodb-1.12.625.jar:/home/hp/.m2/repository/com/amazonaws/aws-java-sdk-sns/1.12.625/aws-java-sdk-sns-1.12.625.jar:/home/hp/.m2/repository/com/amazonaws/aws-java-sdk-budgets/1.12.625/aws-java-sdk-budgets-1.12.625.jar:/home/hp/.m2/repository/com/amazonaws/aws-java-sdk-cloudtrail/1.12.625/aws-java-sdk-cloudtrail-1.12.625.jar:/home/hp/.m2/repository/com/amazonaws/aws-java-sdk-cloudwatch/1.12.625/aws-java-sdk-cloudwatch-1.12.625.jar:/home/hp/.m2/repository/com/amazonaws/aws-java-sdk-logs/1.12.625/aws-java-sdk-logs-1.12.625.jar:/home/hp/.m2/repository/com/amazonaws/aws-java-sdk-events/1.12.625/aws-java-sdk-events-1.12.625.jar:/home/hp/.m2/repository/com/amazonaws/aws-java-sdk-cognitoidentity/1.12.625/aws-java-sdk-cognitoidentity-1.12.625.jar:/home/hp/.m2/repository/com/amazonaws/aws-java-sdk-cognitosync/1.12.625/aws-java-sdk-cognitosync-1.12.625.jar:/home/hp/.m2/repository/com/amazonaws/aws-java-sdk-directconnect/1.12.625/aws-java-sdk-directconnect-1.12.625.jar:/home/hp/.m2/repository/com/amazonaws/aws-java-sdk-cloudformation/1.12.625/aws-java-sdk-cloudformation-1.12.625.jar:/home/hp/.m2/repository/com/amazonaws/aws-java-sdk-cloudfront/1.12.625/aws-java-sdk-cloudfront-1.12.625.jar:/home/hp/.m2/repository/com/amazonaws/aws-java-sdk-clouddirectory/1.12.625/aws-java-sdk-clouddirectory-1.12.625.jar:/home/hp/.m2/repository/com/amazonaws/aws-java-sdk-kinesis/1.12.625/aws-java-sdk-kinesis-1.12.625.jar:/home/hp/.m2/repository/com/amazonaws/aws-java-sdk-opsworks/1.12.625/aws-java-sdk-opsworks-1.12.625.jar:/home/hp/.m2/repository/com/amazonaws/aws-java-sdk-ses/1.12.625/aws-java-sdk-ses-1.12.625.jar:/home/hp/.m2/repository/com/amazonaws/aws-java-sdk-autoscaling/1.12.625/aws-java-sdk-autoscaling-1.12.625.jar:/home/hp/.m2/repository/com/amazonaws/aws-java-sdk-cloudsearch/1.12.625/aws-java-sdk-cloudsearch-1.12.625.jar:/home/hp/.m2/repository/com/amazonaws/aws-java-sdk-cloudwatchmetrics/1.12.625/aws-java-sdk-cloudwatchmetrics-1.12.625.jar:/home/hp/.m2/repository/com/amazonaws/aws-java-sdk-codedeploy/1.12.625/aws-java-sdk-codedeploy-1.12.625.jar:/home/hp/.m2/repository/com/amazonaws/aws-java-sdk-codepipeline/1.12.625/aws-java-sdk-codepipeline-1.12.625.jar:/home/hp/.m2/repository/com/amazonaws/aws-java-sdk-kms/1.12.625/aws-java-sdk-kms-1.12.625.jar:/home/hp/.m2/repository/com/amazonaws/aws-java-sdk-config/1.12.625/aws-java-sdk-config-1.12.625.jar:/home/hp/.m2/repository/com/amazonaws/aws-java-sdk-lambda/1.12.625/aws-java-sdk-lambda-1.12.625.jar:/home/hp/.m2/repository/com/amazonaws/aws-java-sdk-ecs/1.12.625/aws-java-sdk-ecs-1.12.625.jar:/home/hp/.m2/repository/com/amazonaws/aws-java-sdk-ecr/1.12.625/aws-java-sdk-ecr-1.12.625.jar:/home/hp/.m2/repository/com/amazonaws/aws-java-sdk-cloudhsm/1.12.625/aws-java-sdk-cloudhsm-1.12.625.jar:/home/hp/.m2/repository/com/amazonaws/aws-java-sdk-ssm/1.12.625/aws-java-sdk-ssm-1.12.625.jar:/home/hp/.m2/repository/com/amazonaws/aws-java-sdk-workspaces/1.12.625/aws-java-sdk-workspaces-1.12.625.jar:/home/hp/.m2/repository/com/amazonaws/aws-java-sdk-machinelearning/1.12.625/aws-java-sdk-machinelearning-1.12.625.jar:/home/hp/.m2/repository/com/amazonaws/aws-java-sdk-directory/1.12.625/aws-java-sdk-directory-1.12.625.jar:/home/hp/.m2/repository/com/amazonaws/aws-java-sdk-efs/1.12.625/aws-java-sdk-efs-1.12.625.jar:/home/hp/.m2/repository/com/amazonaws/aws-java-sdk-codecommit/1.12.625/aws-java-sdk-codecommit-1.12.625.jar:/home/hp/.m2/repository/com/amazonaws/aws-java-sdk-devicefarm/1.12.625/aws-java-sdk-devicefarm-1.12.625.jar:/home/hp/.m2/repository/com/amazonaws/aws-java-sdk-elasticsearch/1.12.625/aws-java-sdk-elasticsearch-1.12.625.jar:/home/hp/.m2/repository/com/amazonaws/aws-java-sdk-waf/1.12.625/aws-java-sdk-waf-1.12.625.jar:/home/hp/.m2/repository/com/amazonaws/aws-java-sdk-marketplacecommerceanalytics/1.12.625/aws-java-sdk-marketplacecommerceanalytics-1.12.625.jar:/home/hp/.m2/repository/com/amazonaws/aws-java-sdk-inspector/1.12.625/aws-java-sdk-inspector-1.12.625.jar:/home/hp/.m2/repository/com/amazonaws/aws-java-sdk-iot/1.12.625/aws-java-sdk-iot-1.12.625.jar:/home/hp/.m2/repository/com/amazonaws/aws-java-sdk-api-gateway/1.12.625/aws-java-sdk-api-gateway-1.12.625.jar:/home/hp/.m2/repository/com/amazonaws/aws-java-sdk-acm/1.12.625/aws-java-sdk-acm-1.12.625.jar:/home/hp/.m2/repository/com/amazonaws/aws-java-sdk-gamelift/1.12.625/aws-java-sdk-gamelift-1.12.625.jar:/home/hp/.m2/repository/com/amazonaws/aws-java-sdk-dms/1.12.625/aws-java-sdk-dms-1.12.625.jar:/home/hp/.m2/repository/com/amazonaws/aws-java-sdk-marketplacemeteringservice/1.12.625/aws-java-sdk-marketplacemeteringservice-1.12.625.jar:/home/hp/.m2/repository/com/amazonaws/aws-java-sdk-cognitoidp/1.12.625/aws-java-sdk-cognitoidp-1.12.625.jar:/home/hp/.m2/repository/com/amazonaws/aws-java-sdk-discovery/1.12.625/aws-java-sdk-discovery-1.12.625.jar:/home/hp/.m2/repository/com/amazonaws/aws-java-sdk-applicationautoscaling/1.12.625/aws-java-sdk-applicationautoscaling-1.12.625.jar:/home/hp/.m2/repository/com/amazonaws/aws-java-sdk-snowball/1.12.625/aws-java-sdk-snowball-1.12.625.jar:/home/hp/.m2/repository/com/amazonaws/aws-java-sdk-rekognition/1.12.625/aws-java-sdk-rekognition-1.12.625.jar:/home/hp/.m2/repository/com/amazonaws/aws-java-sdk-polly/1.12.625/aws-java-sdk-polly-1.12.625.jar:/home/hp/.m2/repository/com/amazonaws/aws-java-sdk-lightsail/1.12.625/aws-java-sdk-lightsail-1.12.625.jar:/home/hp/.m2/repository/com/amazonaws/aws-java-sdk-stepfunctions/1.12.625/aws-java-sdk-stepfunctions-1.12.625.jar:/home/hp/.m2/repository/com/amazonaws/aws-java-sdk-health/1.12.625/aws-java-sdk-health-1.12.625.jar:/home/hp/.m2/repository/com/amazonaws/aws-java-sdk-costandusagereport/1.12.625/aws-java-sdk-costandusagereport-1.12.625.jar:/home/hp/.m2/repository/com/amazonaws/aws-java-sdk-codebuild/1.12.625/aws-java-sdk-codebuild-1.12.625.jar:/home/hp/.m2/repository/com/amazonaws/aws-java-sdk-appstream/1.12.625/aws-java-sdk-appstream-1.12.625.jar:/home/hp/.m2/repository/com/amazonaws/aws-java-sdk-shield/1.12.625/aws-java-sdk-shield-1.12.625.jar:/home/hp/.m2/repository/com/amazonaws/aws-java-sdk-batch/1.12.625/aws-java-sdk-batch-1.12.625.jar:/home/hp/.m2/repository/com/amazonaws/aws-java-sdk-lex/1.12.625/aws-java-sdk-lex-1.12.625.jar:/home/hp/.m2/repository/com/amazonaws/aws-java-sdk-mechanicalturkrequester/1.12.625/aws-java-sdk-mechanicalturkrequester-1.12.625.jar:/home/hp/.m2/repository/com/amazonaws/aws-java-sdk-organizations/1.12.625/aws-java-sdk-organizations-1.12.625.jar:/home/hp/.m2/repository/com/amazonaws/aws-java-sdk-workdocs/1.12.625/aws-java-sdk-workdocs-1.12.625.jar:/home/hp/.m2/repository/com/amazonaws/aws-java-sdk-core/1.12.625/aws-java-sdk-core-1.12.625.jar:/home/hp/.m2/repository/commons-logging/commons-logging/1.1.3/commons-logging-1.1.3.jar:/home/hp/.m2/repository/commons-codec/commons-codec/1.16.0/commons-codec-1.16.0.jar:/home/hp/.m2/repository/org/apache/httpcomponents/httpclient/4.5.13/httpclient-4.5.13.jar:/home/hp/.m2/repository/org/apache/httpcomponents/httpcore/4.4.16/httpcore-4.4.16.jar:/home/hp/.m2/repository/software/amazon/ion/ion-java/1.0.2/ion-java-1.0.2.jar:/home/hp/.m2/repository/com/fasterxml/jackson/dataformat/jackson-dataformat-cbor/2.15.3/jackson-dataformat-cbor-2.15.3.jar:/home/hp/.m2/repository/joda-time/joda-time/2.8.1/joda-time-2.8.1.jar:/home/hp/.m2/repository/com/amazonaws/aws-java-sdk-models/1.12.625/aws-java-sdk-models-1.12.625.jar:/home/hp/.m2/repository/com/amazonaws/aws-java-sdk-swf-libraries/1.11.22/aws-java-sdk-swf-libraries-1.11.22.jar:/home/hp/.m2/repository/com/stripe/stripe-java/24.9.0/stripe-java-24.9.0.jar:/home/hp/.m2/repository/io/socket/socket.io-client/2.1.0/socket.io-client-2.1.0.jar:/home/hp/.m2/repository/io/socket/engine.io-client/2.1.0/engine.io-client-2.1.0.jar:/home/hp/.m2/repository/com/squareup/okhttp3/okhttp/4.12.0/okhttp-4.12.0.jar:/home/hp/.m2/repository/com/squareup/okio/okio/3.6.0/okio-3.6.0.jar:/home/hp/.m2/repository/com/squareup/okio/okio-jvm/3.6.0/okio-jvm-3.6.0.jar:/home/hp/.m2/repository/org/jetbrains/kotlin/kotlin-stdlib-common/1.9.21/kotlin-stdlib-common-1.9.21.jar:/home/hp/.m2/repository/org/jetbrains/kotlin/kotlin-stdlib-jdk8/1.9.21/kotlin-stdlib-jdk8-1.9.21.jar:/home/hp/.m2/repository/org/jetbrains/kotlin/kotlin-stdlib/1.9.21/kotlin-stdlib-1.9.21.jar:/home/hp/.m2/repository/org/jetbrains/annotations/13.0/annotations-13.0.jar:/home/hp/.m2/repository/org/jetbrains/kotlin/kotlin-stdlib-jdk7/1.9.21/kotlin-stdlib-jdk7-1.9.21.jar:/home/hp/.m2/repository/org/json/json/20090211/json-20090211.jar:/home/hp/.m2/repository/com/corundumstudio/socketio/netty-socketio/2.0.0/netty-socketio-2.0.0.jar:/home/hp/.m2/repository/io/netty/netty-buffer/4.1.104.Final/netty-buffer-4.1.104.Final.jar:/home/hp/.m2/repository/io/netty/netty-common/4.1.104.Final/netty-common-4.1.104.Final.jar:/home/hp/.m2/repository/io/netty/netty-transport/4.1.104.Final/netty-transport-4.1.104.Final.jar:/home/hp/.m2/repository/io/netty/netty-resolver/4.1.104.Final/netty-resolver-4.1.104.Final.jar:/home/hp/.m2/repository/io/netty/netty-handler/4.1.104.Final/netty-handler-4.1.104.Final.jar:/home/hp/.m2/repository/io/netty/netty-transport-native-unix-common/4.1.104.Final/netty-transport-native-unix-common-4.1.104.Final.jar:/home/hp/.m2/repository/io/netty/netty-codec-http/4.1.104.Final/netty-codec-http-4.1.104.Final.jar:/home/hp/.m2/repository/io/netty/netty-codec/4.1.104.Final/netty-codec-4.1.104.Final.jar:/home/hp/.m2/repository/io/netty/netty-transport-native-epoll/4.1.104.Final/netty-transport-native-epoll-4.1.104.Final.jar:/home/hp/.m2/repository/io/netty/netty-transport-classes-epoll/4.1.104.Final/netty-transport-classes-epoll-4.1.104.Final.jar:/home/hp/.m2/repository/org/slf4j/slf4j-api/2.0.9/slf4j-api-2.0.9.jar:/home/hp/.m2/repository/com/fasterxml/jackson/core/jackson-core/2.15.3/jackson-core-2.15.3.jar:/home/hp/.m2/repository/com/fasterxml/jackson/core/jackson-databind/2.15.3/jackson-databind-2.15.3.jar:/home/hp/.m2/repository/com/fasterxml/jackson/core/jackson-annotations/2.15.3/jackson-annotations-2.15.3.jar:/home/hp/.m2/repository/com/google/code/gson/gson/2.10.1/gson-2.10.1.jar:/home/hp/.m2/repository/org/springframework/boot/spring-boot-starter-test/3.2.1/spring-boot-starter-test-3.2.1.jar:/home/hp/.m2/repository/org/springframework/boot/spring-boot-test/3.2.1/spring-boot-test-3.2.1.jar:/home/hp/.m2/repository/org/springframework/boot/spring-boot-test-autoconfigure/3.2.1/spring-boot-test-autoconfigure-3.2.1.jar:/home/hp/.m2/repository/com/jayway/jsonpath/json-path/2.8.0/json-path-2.8.0.jar:/home/hp/.m2/repository/jakarta/xml/bind/jakarta.xml.bind-api/4.0.1/jakarta.xml.bind-api-4.0.1.jar:/home/hp/.m2/repository/jakarta/activation/jakarta.activation-api/2.1.2/jakarta.activation-api-2.1.2.jar:/home/hp/.m2/repository/net/minidev/json-smart/2.5.0/json-smart-2.5.0.jar:/home/hp/.m2/repository/net/minidev/accessors-smart/2.5.0/accessors-smart-2.5.0.jar:/home/hp/.m2/repository/org/ow2/asm/asm/9.3/asm-9.3.jar:/home/hp/.m2/repository/org/assertj/assertj-core/3.24.2/assertj-core-3.24.2.jar:/home/hp/.m2/repository/org/awaitility/awaitility/4.2.0/awaitility-4.2.0.jar:/home/hp/.m2/repository/org/hamcrest/hamcrest/2.2/hamcrest-2.2.jar:/home/hp/.m2/repository/org/junit/jupiter/junit-jupiter/5.10.1/junit-jupiter-5.10.1.jar:/home/hp/.m2/repository/org/junit/jupiter/junit-jupiter-api/5.10.1/junit-jupiter-api-5.10.1.jar:/home/hp/.m2/repository/org/opentest4j/opentest4j/1.3.0/opentest4j-1.3.0.jar:/home/hp/.m2/repository/org/junit/platform/junit-platform-commons/1.10.1/junit-platform-commons-1.10.1.jar:/home/hp/.m2/repository/org/apiguardian/apiguardian-api/1.1.2/apiguardian-api-1.1.2.jar:/home/hp/.m2/repository/org/junit/jupiter/junit-jupiter-params/5.10.1/junit-jupiter-params-5.10.1.jar:/home/hp/.m2/repository/org/junit/jupiter/junit-jupiter-engine/5.10.1/junit-jupiter-engine-5.10.1.jar:/home/hp/.m2/repository/org/junit/platform/junit-platform-engine/1.10.1/junit-platform-engine-1.10.1.jar:/home/hp/.m2/repository/org/mockito/mockito-core/5.7.0/mockito-core-5.7.0.jar:/home/hp/.m2/repository/net/bytebuddy/byte-buddy-agent/1.14.10/byte-buddy-agent-1.14.10.jar:/home/hp/.m2/repository/org/objenesis/objenesis/3.3/objenesis-3.3.jar:/home/hp/.m2/repository/org/mockito/mockito-junit-jupiter/5.7.0/mockito-junit-jupiter-5.7.0.jar:/home/hp/.m2/repository/org/skyscreamer/jsonassert/1.5.1/jsonassert-1.5.1.jar:/home/hp/.m2/repository/com/vaadin/external/google/android-json/0.0.20131108.vaadin1/android-json-0.0.20131108.vaadin1.jar:/home/hp/.m2/repository/org/springframework/spring-test/6.1.2/spring-test-6.1.2.jar:/home/hp/.m2/repository/org/xmlunit/xmlunit-core/2.9.1/xmlunit-core-2.9.1.jar:"/>
    <property name="sun.cpu.endian" value="little"/>
    <property name="user.home" value="/home/hp"/>
    <property name="user.language" value="en"/>
    <property name="java.specification.vendor" value="Oracle Corporation"/>
    <property name="java.version.date" value="2023-09-19"/>
    <property name="java.home" value="/home/hp/.jdks/openjdk-21"/>
    <property name="file.separator" value="/"/>
    <property name="basedir" value="/media/hp/Android1/MyRepository/Property_ZulixBackend"/>
    <property name="java.vm.compressedOopsMode" value="Zero based"/>
    <property name="line.separator" value="&#10;"/>
    <property name="java.vm.specification.vendor" value="Oracle Corporation"/>
    <property name="java.specification.name" value="Java Platform API Specification"/>
    <property name="FILE_LOG_CHARSET" value="UTF-8"/>
    <property name="java.awt.headless" value="true"/>
    <property name="surefire.real.class.path" value="/media/hp/Android1/MyRepository/Property_ZulixBackend/target/surefire/surefirebooter-20240116123925659_3.jar"/>
    <property name="sun.management.compiler" value="HotSpot 64-Bit Tiered Compilers"/>
    <property name="java.runtime.version" value="21+35-2513"/>
    <property name="user.name" value="hp"/>
    <property name="stdout.encoding" value="UTF-8"/>
    <property name="path.separator" value=":"/>
    <property name="os.version" value="6.5.0-14-generic"/>
    <property name="java.runtime.name" value="OpenJDK Runtime Environment"/>
    <property name="file.encoding" value="UTF-8"/>
    <property name="java.vm.name" value="OpenJDK 64-Bit Server VM"/>
    <property name="localRepository" value="/home/hp/.m2/repository"/>
    <property name="java.vendor.url.bug" value="https://bugreport.java.com/bugreport/"/>
    <property name="java.io.tmpdir" value="/tmp"/>
    <property name="idea.version" value="2023.3.2"/>
    <property name="com.zaxxer.hikari.pool_number" value="1"/>
    <property name="java.version" value="21"/>
    <property name="user.dir" value="/media/hp/Android1/MyRepository/Property_ZulixBackend"/>
    <property name="os.arch" value="amd64"/>
    <property name="java.vm.specification.name" value="Java Virtual Machine Specification"/>
    <property name="PID" value="15123"/>
    <property name="CONSOLE_LOG_CHARSET" value="UTF-8"/>
    <property name="native.encoding" value="UTF-8"/>
    <property name="java.library.path" value="/usr/java/packages/lib:/usr/lib64:/lib64:/lib:/usr/lib"/>
    <property name="java.vm.info" value="mixed mode, sharing"/>
    <property name="stderr.encoding" value="UTF-8"/>
    <property name="java.vendor" value="Oracle Corporation"/>
    <property name="java.vm.version" value="21+35-2513"/>
    <property name="sun.io.unicode.encoding" value="UnicodeLittle"/>
    <property name="java.class.version" value="65.0"/>
  </properties>
  <testcase name="contextLoads" classname="com.redeyesncode.estatespring.realestatebackend.RealestatebackendApplicationTests" time="0.473">
    <system-out><![CDATA[12:39:26.670 [main] INFO org.springframework.test.context.support.AnnotationConfigContextLoaderUtils -- Could not detect default configuration classes for test class [com.redeyesncode.estatespring.realestatebackend.RealestatebackendApplicationTests]: RealestatebackendApplicationTests does not declare any static, non-private, non-final, nested classes annotated with @Configuration.
12:39:26.807 [main] INFO org.springframework.boot.test.context.SpringBootTestContextBootstrapper -- Found @SpringBootConfiguration com.redeyesncode.estatespring.realestatebackend.RealestatebackendApplication for test class com.redeyesncode.estatespring.realestatebackend.RealestatebackendApplicationTests
12:39:27.032 [main] INFO org.springframework.boot.devtools.restart.RestartApplicationListener -- Restart disabled due to context in which it is running

  .   ____          _            __ _ _
 /\\ / ___'_ __ _ _(_)_ __  __ _ \ \ \ \
( ( )\___ | '_ | '_| | '_ \/ _` | \ \ \ \
 \\/  ___)| |_)| | | | | || (_| |  ) ) ) )
  '  |____| .__|_| |_|_| |_\__, | / / / /
 =========|_|==============|___/=/_/_/_/
 :: Spring Boot ::                (v3.2.1)

2024-01-16T12:39:27.379+05:30  WARN 15123 --- [           main] ory$DuplicateJsonObjectContextCustomizer : 

Found multiple occurrences of org.json.JSONObject on the class path:

	jar:file:/home/hp/.m2/repository/org/json/json/20090211/json-20090211.jar!/org/json/JSONObject.class
	jar:file:/home/hp/.m2/repository/com/vaadin/external/google/android-json/0.0.20131108.vaadin1/android-json-0.0.20131108.vaadin1.jar!/org/json/JSONObject.class

You may wish to exclude one of them to ensure predictable runtime behavior

2024-01-16T12:39:27.397+05:30  INFO 15123 --- [           main] .r.e.r.RealestatebackendApplicationTests : Starting RealestatebackendApplicationTests using Java 21 with PID 15123 (started by hp in /media/hp/Android1/MyRepository/Property_ZulixBackend)
2024-01-16T12:39:27.398+05:30  INFO 15123 --- [           main] .r.e.r.RealestatebackendApplicationTests : No active profile set, falling back to 1 default profile: "default"
2024-01-16T12:39:28.210+05:30  INFO 15123 --- [           main] .s.d.r.c.RepositoryConfigurationDelegate : Multiple Spring Data modules found, entering strict repository configuration mode
2024-01-16T12:39:28.212+05:30  INFO 15123 --- [           main] .s.d.r.c.RepositoryConfigurationDelegate : Bootstrapping Spring Data JDBC repositories in DEFAULT mode.
2024-01-16T12:39:28.259+05:30  INFO 15123 --- [           main] .RepositoryConfigurationExtensionSupport : Spring Data JDBC - Could not safely identify store assignment for repository candidate interface com.redeyesncode.estatespring.realestatebackend.repository.AddOnRepository; If you want this repository to be a JDBC repository, consider annotating your entities with one of these annotations: org.springframework.data.relational.core.mapping.Table.
2024-01-16T12:39:28.261+05:30  INFO 15123 --- [           main] .RepositoryConfigurationExtensionSupport : Spring Data JDBC - Could not safely identify store assignment for repository candidate interface com.redeyesncode.estatespring.realestatebackend.repository.AddressRepo; If you want this repository to be a JDBC repository, consider annotating your entities with one of these annotations: org.springframework.data.relational.core.mapping.Table.
2024-01-16T12:39:28.263+05:30  INFO 15123 --- [           main] .RepositoryConfigurationExtensionSupport : Spring Data JDBC - Could not safely identify store assignment for repository candidate interface com.redeyesncode.estatespring.realestatebackend.repository.ChatMessageRepo; If you want this repository to be a JDBC repository, consider annotating your entities with one of these annotations: org.springframework.data.relational.core.mapping.Table.
2024-01-16T12:39:28.264+05:30  INFO 15123 --- [           main] .RepositoryConfigurationExtensionSupport : Spring Data JDBC - Could not safely identify store assignment for repository candidate interface com.redeyesncode.estatespring.realestatebackend.repository.ChatRoomRepo; If you want this repository to be a JDBC repository, consider annotating your entities with one of these annotations: org.springframework.data.relational.core.mapping.Table.
2024-01-16T12:39:28.266+05:30  INFO 15123 --- [           main] .RepositoryConfigurationExtensionSupport : Spring Data JDBC - Could not safely identify store assignment for repository candidate interface com.redeyesncode.estatespring.realestatebackend.repository.FavoritesRepo; If you want this repository to be a JDBC repository, consider annotating your entities with one of these annotations: org.springframework.data.relational.core.mapping.Table.
2024-01-16T12:39:28.267+05:30  INFO 15123 --- [           main] .RepositoryConfigurationExtensionSupport : Spring Data JDBC - Could not safely identify store assignment for repository candidate interface com.redeyesncode.estatespring.realestatebackend.repository.InsightPropertyRepo; If you want this repository to be a JDBC repository, consider annotating your entities with one of these annotations: org.springframework.data.relational.core.mapping.Table.
2024-01-16T12:39:28.269+05:30  INFO 15123 --- [           main] .RepositoryConfigurationExtensionSupport : Spring Data JDBC - Could not safely identify store assignment for repository candidate interface com.redeyesncode.estatespring.realestatebackend.repository.NotificationRepo; If you want this repository to be a JDBC repository, consider annotating your entities with one of these annotations: org.springframework.data.relational.core.mapping.Table.
2024-01-16T12:39:28.271+05:30  INFO 15123 --- [           main] .RepositoryConfigurationExtensionSupport : Spring Data JDBC - Could not safely identify store assignment for repository candidate interface com.redeyesncode.estatespring.realestatebackend.repository.PaymentRecordRepo; If you want this repository to be a JDBC repository, consider annotating your entities with one of these annotations: org.springframework.data.relational.core.mapping.Table.
2024-01-16T12:39:28.273+05:30  INFO 15123 --- [           main] .RepositoryConfigurationExtensionSupport : Spring Data JDBC - Could not safely identify store assignment for repository candidate interface com.redeyesncode.estatespring.realestatebackend.repository.PropertyDetailsRepo; If you want this repository to be a JDBC repository, consider annotating your entities with one of these annotations: org.springframework.data.relational.core.mapping.Table.
2024-01-16T12:39:28.275+05:30  INFO 15123 --- [           main] .RepositoryConfigurationExtensionSupport : Spring Data JDBC - Could not safely identify store assignment for repository candidate interface com.redeyesncode.estatespring.realestatebackend.repository.SubscriptionRepo; If you want this repository to be a JDBC repository, consider annotating your entities with one of these annotations: org.springframework.data.relational.core.mapping.Table.
2024-01-16T12:39:28.277+05:30  INFO 15123 --- [           main] .RepositoryConfigurationExtensionSupport : Spring Data JDBC - Could not safely identify store assignment for repository candidate interface com.redeyesncode.estatespring.realestatebackend.repository.TourRequestRepository; If you want this repository to be a JDBC repository, consider annotating your entities with one of these annotations: org.springframework.data.relational.core.mapping.Table.
2024-01-16T12:39:28.279+05:30  INFO 15123 --- [           main] .RepositoryConfigurationExtensionSupport : Spring Data JDBC - Could not safely identify store assignment for repository candidate interface com.redeyesncode.estatespring.realestatebackend.repository.UserListingRepo; If you want this repository to be a JDBC repository, consider annotating your entities with one of these annotations: org.springframework.data.relational.core.mapping.Table.
2024-01-16T12:39:28.281+05:30  INFO 15123 --- [           main] .RepositoryConfigurationExtensionSupport : Spring Data JDBC - Could not safely identify store assignment for repository candidate interface com.redeyesncode.estatespring.realestatebackend.repository.UserTableRepo; If you want this repository to be a JDBC repository, consider annotating your entities with one of these annotations: org.springframework.data.relational.core.mapping.Table.
2024-01-16T12:39:28.281+05:30  INFO 15123 --- [           main] .s.d.r.c.RepositoryConfigurationDelegate : Finished Spring Data repository scanning in 65 ms. Found 0 JDBC repository interfaces.
2024-01-16T12:39:28.295+05:30  INFO 15123 --- [           main] .s.d.r.c.RepositoryConfigurationDelegate : Multiple Spring Data modules found, entering strict repository configuration mode
2024-01-16T12:39:28.296+05:30  INFO 15123 --- [           main] .s.d.r.c.RepositoryConfigurationDelegate : Bootstrapping Spring Data JPA repositories in DEFAULT mode.
2024-01-16T12:39:28.373+05:30  INFO 15123 --- [           main] .s.d.r.c.RepositoryConfigurationDelegate : Finished Spring Data repository scanning in 73 ms. Found 13 JPA repository interfaces.
2024-01-16T12:39:29.001+05:30  INFO 15123 --- [           main] o.hibernate.jpa.internal.util.LogHelper  : HHH000204: Processing PersistenceUnitInfo [name: default]
2024-01-16T12:39:29.077+05:30  INFO 15123 --- [           main] org.hibernate.Version                    : HHH000412: Hibernate ORM core version 6.4.1.Final
2024-01-16T12:39:29.124+05:30  INFO 15123 --- [           main] o.h.c.internal.RegionFactoryInitiator    : HHH000026: Second-level cache disabled
2024-01-16T12:39:29.429+05:30  INFO 15123 --- [           main] o.s.o.j.p.SpringPersistenceUnitInfo      : No LoadTimeWeaver setup: ignoring JPA class transformer
2024-01-16T12:39:29.462+05:30  INFO 15123 --- [           main] com.zaxxer.hikari.HikariDataSource       : HikariPool-1 - Starting...
2024-01-16T12:39:29.835+05:30  INFO 15123 --- [           main] com.zaxxer.hikari.pool.HikariPool        : HikariPool-1 - Added connection org.postgresql.jdbc.PgConnection@3e2c4d4b
2024-01-16T12:39:29.837+05:30  INFO 15123 --- [           main] com.zaxxer.hikari.HikariDataSource       : HikariPool-1 - Start completed.
2024-01-16T12:39:29.875+05:30  WARN 15123 --- [           main] org.hibernate.orm.deprecation            : HHH90000025: PostgreSQLDialect does not need to be specified explicitly using 'hibernate.dialect' (remove the property setting and it will be selected by default)
2024-01-16T12:39:31.092+05:30  INFO 15123 --- [           main] o.h.e.t.j.p.i.JtaPlatformInitiator       : HHH000489: No JTA platform available (set 'hibernate.transaction.jta.platform' to enable JTA platform integration)
2024-01-16T12:39:31.272+05:30  INFO 15123 --- [           main] j.LocalContainerEntityManagerFactoryBean : Initialized JPA EntityManagerFactory for persistence unit 'default'
2024-01-16T12:39:31.650+05:30  INFO 15123 --- [           main] o.s.d.j.r.query.QueryEnhancerFactory     : JSqlParser is in classpath; If applicable, JSqlParser will be used
2024-01-16T12:39:31.650+05:30  INFO 15123 --- [           main] o.s.d.j.r.query.QueryEnhancerFactory     : Hibernate is in classpath; If applicable, HQL parser will be used.
2024-01-16T12:39:33.361+05:30  WARN 15123 --- [           main] JpaBaseConfiguration$JpaWebConfiguration : spring.jpa.open-in-view is enabled by default. Therefore, database queries may be performed during view rendering. Explicitly configure spring.jpa.open-in-view to disable this warning
2024-01-16T12:39:33.897+05:30  INFO 15123 --- [           main] .r.e.r.RealestatebackendApplicationTests : Started RealestatebackendApplicationTests in 6.883 seconds (process running for 8.17)
2024-01-16T12:39:33.899+05:30  INFO 15123 --- [           main] c.c.socketio.SocketIOServer              : Session store / pubsub factory used: MemoryStoreFactory (local session store only)
2024-01-16T12:39:34.126+05:30  INFO 15123 --- [ntLoopGroup-2-1] c.c.socketio.SocketIOServer              : SocketIO server started at port: 9191
]]></system-out>
    <system-err><![CDATA[WARNING: A Java agent has been loaded dynamically (/home/hp/.m2/repository/net/bytebuddy/byte-buddy-agent/1.14.10/byte-buddy-agent-1.14.10.jar)
WARNING: If a serviceability tool is in use, please run with -XX:+EnableDynamicAgentLoading to hide this warning
WARNING: If a serviceability tool is not in use, please run with -Djdk.instrument.traceUsage for more information
WARNING: Dynamic loading of agents will be disallowed by default in a future release
]]></system-err>
  </testcase>
</testsuite>